17:33:58 INFO  : Registering command handlers for SDK TCF services
17:33:59 INFO  : Launching XSCT server: xsct.bat -interactive C:\Users\DMH\Desktop\FPGA\V3_second_study\p3_cmosSPI\vivado\cmos\cmos.sdk\temp_xsdb_launch_script.tcl
17:34:02 INFO  : XSCT server has started successfully.
17:34:02 INFO  : Successfully done setting XSCT server connection channel  
17:34:02 INFO  : Successfully done setting SDK workspace  
17:34:02 INFO  : Processing command line option -hwspec C:/Users/DMH/Desktop/FPGA/V3_second_study/p3_cmosSPI/vivado/cmos/cmos.sdk/design_1_wrapper.hdf.
20:46:24 INFO  : 'targets -set -filter {jtag_cable_name =~ "Digilent JTAG-SMT1 210203367371A" && level==0} -index 1' command is executed.
20:46:24 INFO  : 'fpga -state' command is executed.
20:46:26 INFO  : Memory regions updated for context APU
20:46:31 INFO  : Connected to target on host '127.0.0.1' and port '3121'.
20:46:32 INFO  : 'targets -set -filter {jtag_cable_name =~ "Digilent JTAG-SMT1 210203367371A" && level==0} -index 1' command is executed.
20:46:35 INFO  : FPGA configured successfully with bitstream "C:/Users/DMH/Desktop/FPGA/V3_second_study/p3_cmosSPI/vivado/cmos/cmos.sdk/design_1_wrapper_hw_platform_0/design_1_wrapper.bit"
20:46:37 INFO  : 'targets -set -filter {jtag_cable_name =~ "Digilent JTAG-SMT1 210203367371A" && level==0} -index 1' command is executed.
20:46:37 INFO  : 'fpga -state' command is executed.
20:46:37 INFO  : Connected to target on host '127.0.0.1' and port '3121'.
20:46:37 INFO  : Jtag cable 'Digilent JTAG-SMT1 210203367371A' is selected.
20:46:37 INFO  : 'jtag frequency' command is executed.
20:46:37 INFO  : Sourcing of 'C:/Users/DMH/Desktop/FPGA/V3_second_study/p3_cmosSPI/vivado/cmos/cmos.sdk/design_1_wrapper_hw_platform_0/ps7_init.tcl' is done.
20:46:38 INFO  : Context for 'APU' is selected.
20:46:38 INFO  : Hardware design information is loaded from 'C:/Users/DMH/Desktop/FPGA/V3_second_study/p3_cmosSPI/vivado/cmos/cmos.sdk/design_1_wrapper_hw_platform_0/system.hdf'.
20:46:38 INFO  : 'configparams force-mem-access 1' command is executed.
20:46:38 INFO  : Context for 'APU' is selected.
20:46:38 INFO  : 'stop' command is executed.
20:46:38 INFO  : 'ps7_init' command is executed.
20:46:38 INFO  : 'ps7_post_config' command is executed.
20:46:38 INFO  : Context for processor 'ps7_cortexa9_0' is selected.
20:46:38 INFO  : Processor reset is completed for 'ps7_cortexa9_0'.
20:46:38 INFO  : Context for processor 'ps7_cortexa9_0' is selected.
20:46:38 INFO  : The application 'C:/Users/DMH/Desktop/FPGA/V3_second_study/p3_cmosSPI/vivado/cmos/cmos.sdk/cmos/Debug/cmos.elf' is downloaded to processor 'ps7_cortexa9_0'.
20:46:38 INFO  : 'configparams force-mem-access 0' command is executed.
20:46:38 INFO  : ----------------XSDB Script----------------
connect -url tcp:127.0.0.1:3121
source C:/Users/DMH/Desktop/FPGA/V3_second_study/p3_cmosSPI/vivado/cmos/cmos.sdk/design_1_wrapper_hw_platform_0/ps7_init.tcl
targets -set -nocase -filter {name =~"APU*" && jtag_cable_name =~ "Digilent JTAG-SMT1 210203367371A"} -index 0
loadhw -hw C:/Users/DMH/Desktop/FPGA/V3_second_study/p3_cmosSPI/vivado/cmos/cmos.sdk/design_1_wrapper_hw_platform_0/system.hdf -mem-ranges [list {0x40000000 0xbfffffff}]
configparams force-mem-access 1
targets -set -nocase -filter {name =~"APU*" && jtag_cable_name =~ "Digilent JTAG-SMT1 210203367371A"} -index 0
stop
ps7_init
ps7_post_config
targets -set -nocase -filter {name =~ "ARM*#0" && jtag_cable_name =~ "Digilent JTAG-SMT1 210203367371A"} -index 0
rst -processor
targets -set -nocase -filter {name =~ "ARM*#0" && jtag_cable_name =~ "Digilent JTAG-SMT1 210203367371A"} -index 0
dow C:/Users/DMH/Desktop/FPGA/V3_second_study/p3_cmosSPI/vivado/cmos/cmos.sdk/cmos/Debug/cmos.elf
configparams force-mem-access 0
----------------End of Script----------------

20:46:38 INFO  : Memory regions updated for context APU
20:46:38 INFO  : Context for processor 'ps7_cortexa9_0' is selected.
20:46:38 INFO  : 'con' command is executed.
20:46:38 INFO  : ----------------XSDB Script (After Launch)----------------
targets -set -nocase -filter {name =~ "ARM*#0" && jtag_cable_name =~ "Digilent JTAG-SMT1 210203367371A"} -index 0
con
----------------End of Script----------------

20:46:38 INFO  : Launch script is exported to file 'C:\Users\DMH\Desktop\FPGA\V3_second_study\p3_cmosSPI\vivado\cmos\cmos.sdk\.sdk\launch_scripts\xilinx_c-c++_application_(system_debugger)\system_debugger_using_debug_cmos.elf_on_local.tcl'
20:47:13 INFO  : Disconnected from the channel tcfchan#1.
20:47:14 INFO  : 'targets -set -filter {jtag_cable_name =~ "Digilent JTAG-SMT1 210203367371A" && level==0} -index 1' command is executed.
20:47:14 INFO  : 'fpga -state' command is executed.
20:47:14 INFO  : Connected to target on host '127.0.0.1' and port '3121'.
20:47:14 INFO  : Jtag cable 'Digilent JTAG-SMT1 210203367371A' is selected.
20:47:14 INFO  : 'jtag frequency' command is executed.
20:47:14 INFO  : Sourcing of 'C:/Users/DMH/Desktop/FPGA/V3_second_study/p3_cmosSPI/vivado/cmos/cmos.sdk/design_1_wrapper_hw_platform_0/ps7_init.tcl' is done.
20:47:14 INFO  : Context for 'APU' is selected.
20:47:15 INFO  : Hardware design information is loaded from 'C:/Users/DMH/Desktop/FPGA/V3_second_study/p3_cmosSPI/vivado/cmos/cmos.sdk/design_1_wrapper_hw_platform_0/system.hdf'.
20:47:15 INFO  : 'configparams force-mem-access 1' command is executed.
20:47:16 INFO  : Context for 'APU' is selected.
20:47:16 INFO  : 'stop' command is executed.
20:47:16 INFO  : 'ps7_init' command is executed.
20:47:16 INFO  : 'ps7_post_config' command is executed.
20:47:16 INFO  : Context for processor 'ps7_cortexa9_0' is selected.
20:47:16 INFO  : Processor reset is completed for 'ps7_cortexa9_0'.
20:47:16 INFO  : Context for processor 'ps7_cortexa9_0' is selected.
20:47:16 INFO  : The application 'C:/Users/DMH/Desktop/FPGA/V3_second_study/p3_cmosSPI/vivado/cmos/cmos.sdk/cmos/Debug/cmos.elf' is downloaded to processor 'ps7_cortexa9_0'.
20:47:16 INFO  : 'configparams force-mem-access 0' command is executed.
20:47:16 INFO  : ----------------XSDB Script----------------
connect -url tcp:127.0.0.1:3121
source C:/Users/DMH/Desktop/FPGA/V3_second_study/p3_cmosSPI/vivado/cmos/cmos.sdk/design_1_wrapper_hw_platform_0/ps7_init.tcl
targets -set -nocase -filter {name =~"APU*" && jtag_cable_name =~ "Digilent JTAG-SMT1 210203367371A"} -index 0
loadhw -hw C:/Users/DMH/Desktop/FPGA/V3_second_study/p3_cmosSPI/vivado/cmos/cmos.sdk/design_1_wrapper_hw_platform_0/system.hdf -mem-ranges [list {0x40000000 0xbfffffff}]
configparams force-mem-access 1
targets -set -nocase -filter {name =~"APU*" && jtag_cable_name =~ "Digilent JTAG-SMT1 210203367371A"} -index 0
stop
ps7_init
ps7_post_config
targets -set -nocase -filter {name =~ "ARM*#0" && jtag_cable_name =~ "Digilent JTAG-SMT1 210203367371A"} -index 0
rst -processor
targets -set -nocase -filter {name =~ "ARM*#0" && jtag_cable_name =~ "Digilent JTAG-SMT1 210203367371A"} -index 0
dow C:/Users/DMH/Desktop/FPGA/V3_second_study/p3_cmosSPI/vivado/cmos/cmos.sdk/cmos/Debug/cmos.elf
configparams force-mem-access 0
----------------End of Script----------------

20:47:16 INFO  : Memory regions updated for context APU
20:47:16 INFO  : Context for processor 'ps7_cortexa9_0' is selected.
20:47:16 INFO  : 'con' command is executed.
20:47:16 INFO  : ----------------XSDB Script (After Launch)----------------
targets -set -nocase -filter {name =~ "ARM*#0" && jtag_cable_name =~ "Digilent JTAG-SMT1 210203367371A"} -index 0
con
----------------End of Script----------------

20:47:16 INFO  : Launch script is exported to file 'C:\Users\DMH\Desktop\FPGA\V3_second_study\p3_cmosSPI\vivado\cmos\cmos.sdk\.sdk\launch_scripts\xilinx_c-c++_application_(system_debugger)\system_debugger_using_debug_cmos.elf_on_local.tcl'
20:47:27 INFO  : Disconnected from the channel tcfchan#2.
20:47:28 INFO  : 'targets -set -filter {jtag_cable_name =~ "Digilent JTAG-SMT1 210203367371A" && level==0} -index 1' command is executed.
20:47:28 INFO  : 'fpga -state' command is executed.
20:47:28 INFO  : Connected to target on host '127.0.0.1' and port '3121'.
20:47:28 INFO  : Jtag cable 'Digilent JTAG-SMT1 210203367371A' is selected.
20:47:28 INFO  : 'jtag frequency' command is executed.
20:47:28 INFO  : Sourcing of 'C:/Users/DMH/Desktop/FPGA/V3_second_study/p3_cmosSPI/vivado/cmos/cmos.sdk/design_1_wrapper_hw_platform_0/ps7_init.tcl' is done.
20:47:28 INFO  : Context for 'APU' is selected.
20:47:30 INFO  : Hardware design information is loaded from 'C:/Users/DMH/Desktop/FPGA/V3_second_study/p3_cmosSPI/vivado/cmos/cmos.sdk/design_1_wrapper_hw_platform_0/system.hdf'.
20:47:30 INFO  : 'configparams force-mem-access 1' command is executed.
20:47:30 INFO  : Context for 'APU' is selected.
20:47:30 INFO  : 'stop' command is executed.
20:47:30 INFO  : 'ps7_init' command is executed.
20:47:30 INFO  : 'ps7_post_config' command is executed.
20:47:30 INFO  : Context for processor 'ps7_cortexa9_0' is selected.
20:47:30 INFO  : Processor reset is completed for 'ps7_cortexa9_0'.
20:47:30 INFO  : Context for processor 'ps7_cortexa9_0' is selected.
20:47:30 INFO  : The application 'C:/Users/DMH/Desktop/FPGA/V3_second_study/p3_cmosSPI/vivado/cmos/cmos.sdk/cmos/Debug/cmos.elf' is downloaded to processor 'ps7_cortexa9_0'.
20:47:30 INFO  : 'configparams force-mem-access 0' command is executed.
20:47:30 INFO  : ----------------XSDB Script----------------
connect -url tcp:127.0.0.1:3121
source C:/Users/DMH/Desktop/FPGA/V3_second_study/p3_cmosSPI/vivado/cmos/cmos.sdk/design_1_wrapper_hw_platform_0/ps7_init.tcl
targets -set -nocase -filter {name =~"APU*" && jtag_cable_name =~ "Digilent JTAG-SMT1 210203367371A"} -index 0
loadhw -hw C:/Users/DMH/Desktop/FPGA/V3_second_study/p3_cmosSPI/vivado/cmos/cmos.sdk/design_1_wrapper_hw_platform_0/system.hdf -mem-ranges [list {0x40000000 0xbfffffff}]
configparams force-mem-access 1
targets -set -nocase -filter {name =~"APU*" && jtag_cable_name =~ "Digilent JTAG-SMT1 210203367371A"} -index 0
stop
ps7_init
ps7_post_config
targets -set -nocase -filter {name =~ "ARM*#0" && jtag_cable_name =~ "Digilent JTAG-SMT1 210203367371A"} -index 0
rst -processor
targets -set -nocase -filter {name =~ "ARM*#0" && jtag_cable_name =~ "Digilent JTAG-SMT1 210203367371A"} -index 0
dow C:/Users/DMH/Desktop/FPGA/V3_second_study/p3_cmosSPI/vivado/cmos/cmos.sdk/cmos/Debug/cmos.elf
configparams force-mem-access 0
----------------End of Script----------------

20:47:30 INFO  : Memory regions updated for context APU
20:47:30 INFO  : Context for processor 'ps7_cortexa9_0' is selected.
20:47:31 INFO  : 'con' command is executed.
20:47:31 INFO  : ----------------XSDB Script (After Launch)----------------
targets -set -nocase -filter {name =~ "ARM*#0" && jtag_cable_name =~ "Digilent JTAG-SMT1 210203367371A"} -index 0
con
----------------End of Script----------------

20:47:31 INFO  : Launch script is exported to file 'C:\Users\DMH\Desktop\FPGA\V3_second_study\p3_cmosSPI\vivado\cmos\cmos.sdk\.sdk\launch_scripts\xilinx_c-c++_application_(system_debugger)\system_debugger_using_debug_cmos.elf_on_local.tcl'
20:48:16 INFO  : Disconnected from the channel tcfchan#3.
20:48:17 INFO  : 'targets -set -filter {jtag_cable_name =~ "Digilent JTAG-SMT1 210203367371A" && level==0} -index 1' command is executed.
20:48:17 INFO  : 'fpga -state' command is executed.
20:48:17 INFO  : Connected to target on host '127.0.0.1' and port '3121'.
20:48:17 INFO  : Jtag cable 'Digilent JTAG-SMT1 210203367371A' is selected.
20:48:17 INFO  : 'jtag frequency' command is executed.
20:48:17 INFO  : Sourcing of 'C:/Users/DMH/Desktop/FPGA/V3_second_study/p3_cmosSPI/vivado/cmos/cmos.sdk/design_1_wrapper_hw_platform_0/ps7_init.tcl' is done.
20:48:17 INFO  : Context for 'APU' is selected.
20:48:19 INFO  : Hardware design information is loaded from 'C:/Users/DMH/Desktop/FPGA/V3_second_study/p3_cmosSPI/vivado/cmos/cmos.sdk/design_1_wrapper_hw_platform_0/system.hdf'.
20:48:19 INFO  : 'configparams force-mem-access 1' command is executed.
20:48:19 INFO  : Context for 'APU' is selected.
20:48:19 INFO  : 'stop' command is executed.
20:48:19 INFO  : 'ps7_init' command is executed.
20:48:19 INFO  : 'ps7_post_config' command is executed.
20:48:19 INFO  : Context for processor 'ps7_cortexa9_0' is selected.
20:48:19 INFO  : Processor reset is completed for 'ps7_cortexa9_0'.
20:48:19 INFO  : Context for processor 'ps7_cortexa9_0' is selected.
20:48:19 INFO  : The application 'C:/Users/DMH/Desktop/FPGA/V3_second_study/p3_cmosSPI/vivado/cmos/cmos.sdk/cmos/Debug/cmos.elf' is downloaded to processor 'ps7_cortexa9_0'.
20:48:19 INFO  : 'configparams force-mem-access 0' command is executed.
20:48:19 INFO  : ----------------XSDB Script----------------
connect -url tcp:127.0.0.1:3121
source C:/Users/DMH/Desktop/FPGA/V3_second_study/p3_cmosSPI/vivado/cmos/cmos.sdk/design_1_wrapper_hw_platform_0/ps7_init.tcl
targets -set -nocase -filter {name =~"APU*" && jtag_cable_name =~ "Digilent JTAG-SMT1 210203367371A"} -index 0
loadhw -hw C:/Users/DMH/Desktop/FPGA/V3_second_study/p3_cmosSPI/vivado/cmos/cmos.sdk/design_1_wrapper_hw_platform_0/system.hdf -mem-ranges [list {0x40000000 0xbfffffff}]
configparams force-mem-access 1
targets -set -nocase -filter {name =~"APU*" && jtag_cable_name =~ "Digilent JTAG-SMT1 210203367371A"} -index 0
stop
ps7_init
ps7_post_config
targets -set -nocase -filter {name =~ "ARM*#0" && jtag_cable_name =~ "Digilent JTAG-SMT1 210203367371A"} -index 0
rst -processor
targets -set -nocase -filter {name =~ "ARM*#0" && jtag_cable_name =~ "Digilent JTAG-SMT1 210203367371A"} -index 0
dow C:/Users/DMH/Desktop/FPGA/V3_second_study/p3_cmosSPI/vivado/cmos/cmos.sdk/cmos/Debug/cmos.elf
configparams force-mem-access 0
----------------End of Script----------------

20:48:20 INFO  : Memory regions updated for context APU
20:48:20 INFO  : Context for processor 'ps7_cortexa9_0' is selected.
20:48:20 INFO  : 'con' command is executed.
20:48:20 INFO  : ----------------XSDB Script (After Launch)----------------
targets -set -nocase -filter {name =~ "ARM*#0" && jtag_cable_name =~ "Digilent JTAG-SMT1 210203367371A"} -index 0
con
----------------End of Script----------------

20:48:20 INFO  : Launch script is exported to file 'C:\Users\DMH\Desktop\FPGA\V3_second_study\p3_cmosSPI\vivado\cmos\cmos.sdk\.sdk\launch_scripts\xilinx_c-c++_application_(system_debugger)\system_debugger_using_debug_cmos.elf_on_local.tcl'
20:53:39 INFO  : Disconnected from the channel tcfchan#4.
20:53:40 INFO  : 'targets -set -filter {jtag_cable_name =~ "Digilent JTAG-SMT1 210203367371A" && level==0} -index 1' command is executed.
20:53:40 INFO  : 'fpga -state' command is executed.
20:53:40 INFO  : Connected to target on host '127.0.0.1' and port '3121'.
20:53:40 INFO  : Jtag cable 'Digilent JTAG-SMT1 210203367371A' is selected.
20:53:40 INFO  : 'jtag frequency' command is executed.
20:53:40 INFO  : Sourcing of 'C:/Users/DMH/Desktop/FPGA/V3_second_study/p3_cmosSPI/vivado/cmos/cmos.sdk/design_1_wrapper_hw_platform_0/ps7_init.tcl' is done.
20:53:40 INFO  : Context for 'APU' is selected.
20:53:42 INFO  : Hardware design information is loaded from 'C:/Users/DMH/Desktop/FPGA/V3_second_study/p3_cmosSPI/vivado/cmos/cmos.sdk/design_1_wrapper_hw_platform_0/system.hdf'.
20:53:42 INFO  : 'configparams force-mem-access 1' command is executed.
20:53:42 INFO  : Context for 'APU' is selected.
20:53:42 INFO  : 'stop' command is executed.
20:53:42 INFO  : 'ps7_init' command is executed.
20:53:42 INFO  : 'ps7_post_config' command is executed.
20:53:42 INFO  : Context for processor 'ps7_cortexa9_0' is selected.
20:53:42 INFO  : Processor reset is completed for 'ps7_cortexa9_0'.
20:53:42 INFO  : Context for processor 'ps7_cortexa9_0' is selected.
20:53:42 INFO  : The application 'C:/Users/DMH/Desktop/FPGA/V3_second_study/p3_cmosSPI/vivado/cmos/cmos.sdk/cmos/Debug/cmos.elf' is downloaded to processor 'ps7_cortexa9_0'.
20:53:42 INFO  : 'configparams force-mem-access 0' command is executed.
20:53:42 INFO  : ----------------XSDB Script----------------
connect -url tcp:127.0.0.1:3121
source C:/Users/DMH/Desktop/FPGA/V3_second_study/p3_cmosSPI/vivado/cmos/cmos.sdk/design_1_wrapper_hw_platform_0/ps7_init.tcl
targets -set -nocase -filter {name =~"APU*" && jtag_cable_name =~ "Digilent JTAG-SMT1 210203367371A"} -index 0
loadhw -hw C:/Users/DMH/Desktop/FPGA/V3_second_study/p3_cmosSPI/vivado/cmos/cmos.sdk/design_1_wrapper_hw_platform_0/system.hdf -mem-ranges [list {0x40000000 0xbfffffff}]
configparams force-mem-access 1
targets -set -nocase -filter {name =~"APU*" && jtag_cable_name =~ "Digilent JTAG-SMT1 210203367371A"} -index 0
stop
ps7_init
ps7_post_config
targets -set -nocase -filter {name =~ "ARM*#0" && jtag_cable_name =~ "Digilent JTAG-SMT1 210203367371A"} -index 0
rst -processor
targets -set -nocase -filter {name =~ "ARM*#0" && jtag_cable_name =~ "Digilent JTAG-SMT1 210203367371A"} -index 0
dow C:/Users/DMH/Desktop/FPGA/V3_second_study/p3_cmosSPI/vivado/cmos/cmos.sdk/cmos/Debug/cmos.elf
configparams force-mem-access 0
----------------End of Script----------------

20:53:42 INFO  : Memory regions updated for context APU
20:53:42 INFO  : Context for processor 'ps7_cortexa9_0' is selected.
20:53:42 INFO  : 'con' command is executed.
20:53:42 INFO  : ----------------XSDB Script (After Launch)----------------
targets -set -nocase -filter {name =~ "ARM*#0" && jtag_cable_name =~ "Digilent JTAG-SMT1 210203367371A"} -index 0
con
----------------End of Script----------------

20:53:42 INFO  : Launch script is exported to file 'C:\Users\DMH\Desktop\FPGA\V3_second_study\p3_cmosSPI\vivado\cmos\cmos.sdk\.sdk\launch_scripts\xilinx_c-c++_application_(system_debugger)\system_debugger_using_debug_cmos.elf_on_local.tcl'
20:55:41 INFO  : Disconnected from the channel tcfchan#5.
20:55:42 INFO  : 'targets -set -filter {jtag_cable_name =~ "Digilent JTAG-SMT1 210203367371A" && level==0} -index 1' command is executed.
20:55:42 INFO  : 'fpga -state' command is executed.
20:55:42 INFO  : Connected to target on host '127.0.0.1' and port '3121'.
20:55:42 INFO  : Jtag cable 'Digilent JTAG-SMT1 210203367371A' is selected.
20:55:42 INFO  : 'jtag frequency' command is executed.
20:55:42 INFO  : Sourcing of 'C:/Users/DMH/Desktop/FPGA/V3_second_study/p3_cmosSPI/vivado/cmos/cmos.sdk/design_1_wrapper_hw_platform_0/ps7_init.tcl' is done.
20:55:42 INFO  : Context for 'APU' is selected.
20:55:44 INFO  : Hardware design information is loaded from 'C:/Users/DMH/Desktop/FPGA/V3_second_study/p3_cmosSPI/vivado/cmos/cmos.sdk/design_1_wrapper_hw_platform_0/system.hdf'.
20:55:44 INFO  : 'configparams force-mem-access 1' command is executed.
20:55:44 INFO  : Context for 'APU' is selected.
20:55:44 INFO  : 'stop' command is executed.
20:55:44 INFO  : 'ps7_init' command is executed.
20:55:44 INFO  : 'ps7_post_config' command is executed.
20:55:44 INFO  : Context for processor 'ps7_cortexa9_0' is selected.
20:55:44 INFO  : Processor reset is completed for 'ps7_cortexa9_0'.
20:55:44 INFO  : Context for processor 'ps7_cortexa9_0' is selected.
20:55:44 INFO  : The application 'C:/Users/DMH/Desktop/FPGA/V3_second_study/p3_cmosSPI/vivado/cmos/cmos.sdk/cmos/Debug/cmos.elf' is downloaded to processor 'ps7_cortexa9_0'.
20:55:44 INFO  : 'configparams force-mem-access 0' command is executed.
20:55:44 INFO  : ----------------XSDB Script----------------
connect -url tcp:127.0.0.1:3121
source C:/Users/DMH/Desktop/FPGA/V3_second_study/p3_cmosSPI/vivado/cmos/cmos.sdk/design_1_wrapper_hw_platform_0/ps7_init.tcl
targets -set -nocase -filter {name =~"APU*" && jtag_cable_name =~ "Digilent JTAG-SMT1 210203367371A"} -index 0
loadhw -hw C:/Users/DMH/Desktop/FPGA/V3_second_study/p3_cmosSPI/vivado/cmos/cmos.sdk/design_1_wrapper_hw_platform_0/system.hdf -mem-ranges [list {0x40000000 0xbfffffff}]
configparams force-mem-access 1
targets -set -nocase -filter {name =~"APU*" && jtag_cable_name =~ "Digilent JTAG-SMT1 210203367371A"} -index 0
stop
ps7_init
ps7_post_config
targets -set -nocase -filter {name =~ "ARM*#0" && jtag_cable_name =~ "Digilent JTAG-SMT1 210203367371A"} -index 0
rst -processor
targets -set -nocase -filter {name =~ "ARM*#0" && jtag_cable_name =~ "Digilent JTAG-SMT1 210203367371A"} -index 0
dow C:/Users/DMH/Desktop/FPGA/V3_second_study/p3_cmosSPI/vivado/cmos/cmos.sdk/cmos/Debug/cmos.elf
configparams force-mem-access 0
----------------End of Script----------------

20:55:44 INFO  : Memory regions updated for context APU
20:55:44 INFO  : Context for processor 'ps7_cortexa9_0' is selected.
20:55:44 INFO  : 'con' command is executed.
20:55:44 INFO  : ----------------XSDB Script (After Launch)----------------
targets -set -nocase -filter {name =~ "ARM*#0" && jtag_cable_name =~ "Digilent JTAG-SMT1 210203367371A"} -index 0
con
----------------End of Script----------------

20:55:44 INFO  : Launch script is exported to file 'C:\Users\DMH\Desktop\FPGA\V3_second_study\p3_cmosSPI\vivado\cmos\cmos.sdk\.sdk\launch_scripts\xilinx_c-c++_application_(system_debugger)\system_debugger_using_debug_cmos.elf_on_local.tcl'
20:57:16 INFO  : Disconnected from the channel tcfchan#6.
20:57:17 INFO  : 'targets -set -filter {jtag_cable_name =~ "Digilent JTAG-SMT1 210203367371A" && level==0} -index 1' command is executed.
20:57:17 INFO  : 'fpga -state' command is executed.
20:57:17 INFO  : Connected to target on host '127.0.0.1' and port '3121'.
20:57:17 INFO  : Jtag cable 'Digilent JTAG-SMT1 210203367371A' is selected.
20:57:17 INFO  : 'jtag frequency' command is executed.
20:57:17 INFO  : Sourcing of 'C:/Users/DMH/Desktop/FPGA/V3_second_study/p3_cmosSPI/vivado/cmos/cmos.sdk/design_1_wrapper_hw_platform_0/ps7_init.tcl' is done.
20:57:17 INFO  : Context for 'APU' is selected.
20:57:18 INFO  : Hardware design information is loaded from 'C:/Users/DMH/Desktop/FPGA/V3_second_study/p3_cmosSPI/vivado/cmos/cmos.sdk/design_1_wrapper_hw_platform_0/system.hdf'.
20:57:18 INFO  : 'configparams force-mem-access 1' command is executed.
20:57:18 INFO  : Context for 'APU' is selected.
20:57:18 INFO  : 'stop' command is executed.
20:57:19 INFO  : 'ps7_init' command is executed.
20:57:19 INFO  : 'ps7_post_config' command is executed.
20:57:19 INFO  : Context for processor 'ps7_cortexa9_0' is selected.
20:57:19 INFO  : Processor reset is completed for 'ps7_cortexa9_0'.
20:57:19 INFO  : Context for processor 'ps7_cortexa9_0' is selected.
20:57:19 INFO  : The application 'C:/Users/DMH/Desktop/FPGA/V3_second_study/p3_cmosSPI/vivado/cmos/cmos.sdk/cmos/Debug/cmos.elf' is downloaded to processor 'ps7_cortexa9_0'.
20:57:19 INFO  : 'configparams force-mem-access 0' command is executed.
20:57:19 INFO  : ----------------XSDB Script----------------
connect -url tcp:127.0.0.1:3121
source C:/Users/DMH/Desktop/FPGA/V3_second_study/p3_cmosSPI/vivado/cmos/cmos.sdk/design_1_wrapper_hw_platform_0/ps7_init.tcl
targets -set -nocase -filter {name =~"APU*" && jtag_cable_name =~ "Digilent JTAG-SMT1 210203367371A"} -index 0
loadhw -hw C:/Users/DMH/Desktop/FPGA/V3_second_study/p3_cmosSPI/vivado/cmos/cmos.sdk/design_1_wrapper_hw_platform_0/system.hdf -mem-ranges [list {0x40000000 0xbfffffff}]
configparams force-mem-access 1
targets -set -nocase -filter {name =~"APU*" && jtag_cable_name =~ "Digilent JTAG-SMT1 210203367371A"} -index 0
stop
ps7_init
ps7_post_config
targets -set -nocase -filter {name =~ "ARM*#0" && jtag_cable_name =~ "Digilent JTAG-SMT1 210203367371A"} -index 0
rst -processor
targets -set -nocase -filter {name =~ "ARM*#0" && jtag_cable_name =~ "Digilent JTAG-SMT1 210203367371A"} -index 0
dow C:/Users/DMH/Desktop/FPGA/V3_second_study/p3_cmosSPI/vivado/cmos/cmos.sdk/cmos/Debug/cmos.elf
configparams force-mem-access 0
----------------End of Script----------------

20:57:19 INFO  : Memory regions updated for context APU
20:57:19 INFO  : Context for processor 'ps7_cortexa9_0' is selected.
20:57:19 INFO  : 'con' command is executed.
20:57:19 INFO  : ----------------XSDB Script (After Launch)----------------
targets -set -nocase -filter {name =~ "ARM*#0" && jtag_cable_name =~ "Digilent JTAG-SMT1 210203367371A"} -index 0
con
----------------End of Script----------------

20:57:19 INFO  : Launch script is exported to file 'C:\Users\DMH\Desktop\FPGA\V3_second_study\p3_cmosSPI\vivado\cmos\cmos.sdk\.sdk\launch_scripts\xilinx_c-c++_application_(system_debugger)\system_debugger_using_debug_cmos.elf_on_local.tcl'
20:59:04 INFO  : Disconnected from the channel tcfchan#7.
20:59:05 INFO  : 'targets -set -filter {jtag_cable_name =~ "Digilent JTAG-SMT1 210203367371A" && level==0} -index 1' command is executed.
20:59:05 INFO  : 'fpga -state' command is executed.
20:59:05 INFO  : Connected to target on host '127.0.0.1' and port '3121'.
20:59:05 INFO  : Jtag cable 'Digilent JTAG-SMT1 210203367371A' is selected.
20:59:05 INFO  : 'jtag frequency' command is executed.
20:59:05 INFO  : Sourcing of 'C:/Users/DMH/Desktop/FPGA/V3_second_study/p3_cmosSPI/vivado/cmos/cmos.sdk/design_1_wrapper_hw_platform_0/ps7_init.tcl' is done.
20:59:05 INFO  : Context for 'APU' is selected.
20:59:06 INFO  : Hardware design information is loaded from 'C:/Users/DMH/Desktop/FPGA/V3_second_study/p3_cmosSPI/vivado/cmos/cmos.sdk/design_1_wrapper_hw_platform_0/system.hdf'.
20:59:06 INFO  : 'configparams force-mem-access 1' command is executed.
20:59:06 INFO  : Context for 'APU' is selected.
20:59:06 INFO  : 'stop' command is executed.
20:59:07 INFO  : 'ps7_init' command is executed.
20:59:07 INFO  : 'ps7_post_config' command is executed.
20:59:07 INFO  : Context for processor 'ps7_cortexa9_0' is selected.
20:59:07 INFO  : Processor reset is completed for 'ps7_cortexa9_0'.
20:59:07 INFO  : Context for processor 'ps7_cortexa9_0' is selected.
20:59:07 INFO  : The application 'C:/Users/DMH/Desktop/FPGA/V3_second_study/p3_cmosSPI/vivado/cmos/cmos.sdk/cmos/Debug/cmos.elf' is downloaded to processor 'ps7_cortexa9_0'.
20:59:07 INFO  : 'configparams force-mem-access 0' command is executed.
20:59:07 INFO  : ----------------XSDB Script----------------
connect -url tcp:127.0.0.1:3121
source C:/Users/DMH/Desktop/FPGA/V3_second_study/p3_cmosSPI/vivado/cmos/cmos.sdk/design_1_wrapper_hw_platform_0/ps7_init.tcl
targets -set -nocase -filter {name =~"APU*" && jtag_cable_name =~ "Digilent JTAG-SMT1 210203367371A"} -index 0
loadhw -hw C:/Users/DMH/Desktop/FPGA/V3_second_study/p3_cmosSPI/vivado/cmos/cmos.sdk/design_1_wrapper_hw_platform_0/system.hdf -mem-ranges [list {0x40000000 0xbfffffff}]
configparams force-mem-access 1
targets -set -nocase -filter {name =~"APU*" && jtag_cable_name =~ "Digilent JTAG-SMT1 210203367371A"} -index 0
stop
ps7_init
ps7_post_config
targets -set -nocase -filter {name =~ "ARM*#0" && jtag_cable_name =~ "Digilent JTAG-SMT1 210203367371A"} -index 0
rst -processor
targets -set -nocase -filter {name =~ "ARM*#0" && jtag_cable_name =~ "Digilent JTAG-SMT1 210203367371A"} -index 0
dow C:/Users/DMH/Desktop/FPGA/V3_second_study/p3_cmosSPI/vivado/cmos/cmos.sdk/cmos/Debug/cmos.elf
configparams force-mem-access 0
----------------End of Script----------------

20:59:07 INFO  : Memory regions updated for context APU
20:59:07 INFO  : Context for processor 'ps7_cortexa9_0' is selected.
20:59:07 INFO  : 'con' command is executed.
20:59:07 INFO  : ----------------XSDB Script (After Launch)----------------
targets -set -nocase -filter {name =~ "ARM*#0" && jtag_cable_name =~ "Digilent JTAG-SMT1 210203367371A"} -index 0
con
----------------End of Script----------------

20:59:07 INFO  : Launch script is exported to file 'C:\Users\DMH\Desktop\FPGA\V3_second_study\p3_cmosSPI\vivado\cmos\cmos.sdk\.sdk\launch_scripts\xilinx_c-c++_application_(system_debugger)\system_debugger_using_debug_cmos.elf_on_local.tcl'
16:11:52 INFO  : Disconnected from the channel tcfchan#8.
