Vivado Simulator 2018.3
Copyright 1986-1999, 2001-2018 Xilinx, Inc. All Rights Reserved.
Running: C:/Xilinx/Vivado/2018.3/bin/unwrapped/win64.o/xelab.exe -wto a747397ffd23472a955d3b495bad5517 --incr --debug typical --relax --mt 2 -L xil_defaultlib -L unisims_ver -L unimacro_ver -L secureip --snapshot tb_booth_behav xil_defaultlib.tb_booth xil_defaultlib.glbl -log elaborate.log 
Using 2 slave threads.
Starting static elaboration
Completed static elaboration
Starting simulation data flow analysis
WARNING: [XSIM 43-4099] "C:/Users/DMH/Desktop/summerysyx/mul_div/wallance_all/design/wallence_3_2.v" Line 2. Module ysyx_alu_mul_wallace_csa_default doesn't have a timescale but at least one module in design has a timescale.
WARNING: [XSIM 43-4099] "C:/Users/DMH/Desktop/summerysyx/mul_div/wallance_all/design/booth.v" Line 3. Module ysyx_alu_mul_booth_r4 doesn't have a timescale but at least one module in design has a timescale.
WARNING: [XSIM 43-4099] "C:/Users/DMH/Desktop/summerysyx/mul_div/wallance_all/design/wallence_3_2.v" Line 533. Module ysyx_regTemplate(WIDTH=128) doesn't have a timescale but at least one module in design has a timescale.
WARNING: [XSIM 43-4099] "C:/Users/DMH/Desktop/summerysyx/mul_div/wallance_all/design/wallence_3_2.v" Line 533. Module ysyx_regTemplate(WIDTH=128) doesn't have a timescale but at least one module in design has a timescale.
WARNING: [XSIM 43-4099] "C:/Users/DMH/Desktop/summerysyx/mul_div/wallance_all/design/wallence_3_2.v" Line 533. Module ysyx_regTemplate(WIDTH=128) doesn't have a timescale but at least one module in design has a timescale.
WARNING: [XSIM 43-4099] "C:/Users/DMH/Desktop/summerysyx/mul_div/wallance_all/design/wallence_3_2.v" Line 533. Module ysyx_regTemplate(WIDTH=128) doesn't have a timescale but at least one module in design has a timescale.
WARNING: [XSIM 43-4099] "C:/Users/DMH/Desktop/summerysyx/mul_div/wallance_all/design/wallence_3_2.v" Line 533. Module ysyx_regTemplate(WIDTH=128) doesn't have a timescale but at least one module in design has a timescale.
WARNING: [XSIM 43-4099] "C:/Users/DMH/Desktop/summerysyx/mul_div/wallance_all/design/wallence_3_2.v" Line 533. Module ysyx_regTemplate(WIDTH=128) doesn't have a timescale but at least one module in design has a timescale.
WARNING: [XSIM 43-4099] "C:/Users/DMH/Desktop/summerysyx/mul_div/wallance_all/design/wallence_3_2.v" Line 533. Module ysyx_regTemplate(WIDTH=128) doesn't have a timescale but at least one module in design has a timescale.
WARNING: [XSIM 43-4099] "C:/Users/DMH/Desktop/summerysyx/mul_div/wallance_all/design/wallence_3_2.v" Line 533. Module ysyx_regTemplate(WIDTH=128) doesn't have a timescale but at least one module in design has a timescale.
WARNING: [XSIM 43-4099] "C:/Users/DMH/Desktop/summerysyx/mul_div/wallance_all/design/wallence_3_2.v" Line 533. Module ysyx_regTemplate(WIDTH=128) doesn't have a timescale but at least one module in design has a timescale.
WARNING: [XSIM 43-4099] "C:/Users/DMH/Desktop/summerysyx/mul_div/wallance_all/design/wallence_3_2.v" Line 533. Module ysyx_regTemplate(WIDTH=128) doesn't have a timescale but at least one module in design has a timescale.
WARNING: [XSIM 43-4099] "C:/Users/DMH/Desktop/summerysyx/mul_div/wallance_all/design/wallence_3_2.v" Line 533. Module ysyx_regTemplate(WIDTH=128) doesn't have a timescale but at least one module in design has a timescale.
WARNING: [XSIM 43-4099] "C:/Users/DMH/Desktop/summerysyx/mul_div/wallance_all/design/wallence_3_2.v" Line 533. Module ysyx_regTemplate(WIDTH=128) doesn't have a timescale but at least one module in design has a timescale.
WARNING: [XSIM 43-4099] "C:/Users/DMH/Desktop/summerysyx/mul_div/wallance_all/design/wallence_3_2.v" Line 533. Module ysyx_regTemplate(WIDTH=128) doesn't have a timescale but at least one module in design has a timescale.
WARNING: [XSIM 43-4099] "C:/Users/DMH/Desktop/summerysyx/mul_div/wallance_all/design/wallence_3_2.v" Line 533. Module ysyx_regTemplate(WIDTH=128) doesn't have a timescale but at least one module in design has a timescale.
WARNING: [XSIM 43-4099] "C:/Users/DMH/Desktop/summerysyx/mul_div/wallance_all/design/wallence_3_2.v" Line 533. Module ysyx_regTemplate(WIDTH=128) doesn't have a timescale but at least one module in design has a timescale.
WARNING: [XSIM 43-4099] "C:/Users/DMH/Desktop/summerysyx/mul_div/wallance_all/design/wallence_3_2.v" Line 533. Module ysyx_regTemplate(WIDTH=128) doesn't have a timescale but at least one module in design has a timescale.
WARNING: [XSIM 43-4099] "C:/Users/DMH/Desktop/summerysyx/mul_div/wallance_all/design/wallence_3_2.v" Line 533. Module ysyx_regTemplate(WIDTH=128) doesn't have a timescale but at least one module in design has a timescale.
WARNING: [XSIM 43-4099] "C:/Users/DMH/Desktop/summerysyx/mul_div/wallance_all/design/wallence_3_2.v" Line 533. Module ysyx_regTemplate(WIDTH=128) doesn't have a timescale but at least one module in design has a timescale.
WARNING: [XSIM 43-4099] "C:/Users/DMH/Desktop/summerysyx/mul_div/wallance_all/design/wallence_3_2.v" Line 533. Module ysyx_regTemplate(WIDTH=128) doesn't have a timescale but at least one module in design has a timescale.
WARNING: [XSIM 43-4099] "C:/Users/DMH/Desktop/summerysyx/mul_div/wallance_all/design/wallence_3_2.v" Line 533. Module ysyx_regTemplate(WIDTH=128) doesn't have a timescale but at least one module in design has a timescale.
WARNING: [XSIM 43-4099] "C:/Users/DMH/Desktop/summerysyx/mul_div/wallance_all/design/wallence_3_2.v" Line 533. Module ysyx_regTemplate(WIDTH=128) doesn't have a timescale but at least one module in design has a timescale.
WARNING: [XSIM 43-4099] "C:/Users/DMH/Desktop/summerysyx/mul_div/wallance_all/design/wallence_3_2.v" Line 533. Module ysyx_regTemplate(WIDTH=128) doesn't have a timescale but at least one module in design has a timescale.
WARNING: [XSIM 43-4099] "C:/Users/DMH/Desktop/summerysyx/mul_div/wallance_all/design/wallence_3_2.v" Line 533. Module ysyx_regTemplate(WIDTH=128) doesn't have a timescale but at least one module in design has a timescale.
WARNING: [XSIM 43-4099] "C:/Users/DMH/Desktop/summerysyx/mul_div/wallance_all/design/wallence_3_2.v" Line 533. Module ysyx_regTemplate(WIDTH=128) doesn't have a timescale but at least one module in design has a timescale.
WARNING: [XSIM 43-4099] "C:/Users/DMH/Desktop/summerysyx/mul_div/wallance_all/design/wallence_3_2.v" Line 533. Module ysyx_regTemplate(WIDTH=128) doesn't have a timescale but at least one module in design has a timescale.
WARNING: [XSIM 43-4099] "C:/Users/DMH/Desktop/summerysyx/mul_div/wallance_all/design/wallence_3_2.v" Line 533. Module ysyx_regTemplate(WIDTH=128) doesn't have a timescale but at least one module in design has a timescale.
WARNING: [XSIM 43-4099] "C:/Users/DMH/Desktop/summerysyx/mul_div/wallance_all/design/wallence_3_2.v" Line 533. Module ysyx_regTemplate(WIDTH=128) doesn't have a timescale but at least one module in design has a timescale.
WARNING: [XSIM 43-4099] "C:/Users/DMH/Desktop/summerysyx/mul_div/wallance_all/design/wallence_3_2.v" Line 533. Module ysyx_regTemplate(WIDTH=128) doesn't have a timescale but at least one module in design has a timescale.
WARNING: [XSIM 43-4099] "C:/Users/DMH/Desktop/summerysyx/mul_div/wallance_all/design/wallence_3_2.v" Line 533. Module ysyx_regTemplate(WIDTH=128) doesn't have a timescale but at least one module in design has a timescale.
WARNING: [XSIM 43-4099] "C:/Users/DMH/Desktop/summerysyx/mul_div/wallance_all/design/wallence_3_2.v" Line 533. Module ysyx_regTemplate(WIDTH=128) doesn't have a timescale but at least one module in design has a timescale.
WARNING: [XSIM 43-4099] "C:/Users/DMH/Desktop/summerysyx/mul_div/wallance_all/design/wallence_3_2.v" Line 533. Module ysyx_regTemplate(WIDTH=128) doesn't have a timescale but at least one module in design has a timescale.
WARNING: [XSIM 43-4099] "C:/Users/DMH/Desktop/summerysyx/mul_div/wallance_all/design/wallence_3_2.v" Line 533. Module ysyx_regTemplate(WIDTH=128) doesn't have a timescale but at least one module in design has a timescale.
WARNING: [XSIM 43-4099] "C:/Users/DMH/Desktop/summerysyx/mul_div/wallance_all/design/wallence_3_2.v" Line 533. Module ysyx_regTemplate(WIDTH=128) doesn't have a timescale but at least one module in design has a timescale.
WARNING: [XSIM 43-4099] "C:/Users/DMH/Desktop/summerysyx/mul_div/wallance_all/design/wallence_3_2.v" Line 549. Module ysyx_full_adder doesn't have a timescale but at least one module in design has a timescale.
WARNING: [XSIM 43-4099] "C:/Users/DMH/Desktop/summerysyx/mul_div/wallance_all/design/wallence_3_2.v" Line 549. Module ysyx_full_adder doesn't have a timescale but at least one module in design has a timescale.
WARNING: [XSIM 43-4099] "C:/Users/DMH/Desktop/summerysyx/mul_div/wallance_all/design/wallence_3_2.v" Line 549. Module ysyx_full_adder doesn't have a timescale but at least one module in design has a timescale.
WARNING: [XSIM 43-4099] "C:/Users/DMH/Desktop/summerysyx/mul_div/wallance_all/design/wallence_3_2.v" Line 549. Module ysyx_full_adder doesn't have a timescale but at least one module in design has a timescale.
WARNING: [XSIM 43-4099] "C:/Users/DMH/Desktop/summerysyx/mul_div/wallance_all/design/wallence_3_2.v" Line 549. Module ysyx_full_adder doesn't have a timescale but at least one module in design has a timescale.
WARNING: [XSIM 43-4099] "C:/Users/DMH/Desktop/summerysyx/mul_div/wallance_all/design/wallence_3_2.v" Line 549. Module ysyx_full_adder doesn't have a timescale but at least one module in design has a timescale.
WARNING: [XSIM 43-4099] "C:/Users/DMH/Desktop/summerysyx/mul_div/wallance_all/design/wallence_3_2.v" Line 549. Module ysyx_full_adder doesn't have a timescale but at least one module in design has a timescale.
WARNING: [XSIM 43-4099] "C:/Users/DMH/Desktop/summerysyx/mul_div/wallance_all/design/wallence_3_2.v" Line 549. Module ysyx_full_adder doesn't have a timescale but at least one module in design has a timescale.
WARNING: [XSIM 43-4099] "C:/Users/DMH/Desktop/summerysyx/mul_div/wallance_all/design/wallence_3_2.v" Line 549. Module ysyx_full_adder doesn't have a timescale but at least one module in design has a timescale.
WARNING: [XSIM 43-4099] "C:/Users/DMH/Desktop/summerysyx/mul_div/wallance_all/design/wallence_3_2.v" Line 549. Module ysyx_full_adder doesn't have a timescale but at least one module in design has a timescale.
WARNING: [XSIM 43-4099] "C:/Users/DMH/Desktop/summerysyx/mul_div/wallance_all/design/wallence_3_2.v" Line 549. Module ysyx_full_adder doesn't have a timescale but at least one module in design has a timescale.
WARNING: [XSIM 43-4099] "C:/Users/DMH/Desktop/summerysyx/mul_div/wallance_all/design/wallence_3_2.v" Line 549. Module ysyx_full_adder doesn't have a timescale but at least one module in design has a timescale.
WARNING: [XSIM 43-4099] "C:/Users/DMH/Desktop/summerysyx/mul_div/wallance_all/design/wallence_3_2.v" Line 549. Module ysyx_full_adder doesn't have a timescale but at least one module in design has a timescale.
WARNING: [XSIM 43-4099] "C:/Users/DMH/Desktop/summerysyx/mul_div/wallance_all/design/wallence_3_2.v" Line 549. Module ysyx_full_adder doesn't have a timescale but at least one module in design has a timescale.
WARNING: [XSIM 43-4099] "C:/Users/DMH/Desktop/summerysyx/mul_div/wallance_all/design/wallence_3_2.v" Line 549. Module ysyx_full_adder doesn't have a timescale but at least one module in design has a timescale.
WARNING: [XSIM 43-4099] "C:/Users/DMH/Desktop/summerysyx/mul_div/wallance_all/design/wallence_3_2.v" Line 549. Module ysyx_full_adder doesn't have a timescale but at least one module in design has a timescale.
WARNING: [XSIM 43-4099] "C:/Users/DMH/Desktop/summerysyx/mul_div/wallance_all/design/wallence_3_2.v" Line 549. Module ysyx_full_adder doesn't have a timescale but at least one module in design has a timescale.
WARNING: [XSIM 43-4099] "C:/Users/DMH/Desktop/summerysyx/mul_div/wallance_all/design/wallence_3_2.v" Line 549. Module ysyx_full_adder doesn't have a timescale but at least one module in design has a timescale.
WARNING: [XSIM 43-4099] "C:/Users/DMH/Desktop/summerysyx/mul_div/wallance_all/design/wallence_3_2.v" Line 549. Module ysyx_full_adder doesn't have a timescale but at least one module in design has a timescale.
WARNING: [XSIM 43-4099] "C:/Users/DMH/Desktop/summerysyx/mul_div/wallance_all/design/wallence_3_2.v" Line 549. Module ysyx_full_adder doesn't have a timescale but at least one module in design has a timescale.
WARNING: [XSIM 43-4099] "C:/Users/DMH/Desktop/summerysyx/mul_div/wallance_all/design/wallence_3_2.v" Line 549. Module ysyx_full_adder doesn't have a timescale but at least one module in design has a timescale.
WARNING: [XSIM 43-4099] "C:/Users/DMH/Desktop/summerysyx/mul_div/wallance_all/design/wallence_3_2.v" Line 549. Module ysyx_full_adder doesn't have a timescale but at least one module in design has a timescale.
WARNING: [XSIM 43-4099] "C:/Users/DMH/Desktop/summerysyx/mul_div/wallance_all/design/wallence_3_2.v" Line 549. Module ysyx_full_adder doesn't have a timescale but at least one module in design has a timescale.
WARNING: [XSIM 43-4099] "C:/Users/DMH/Desktop/summerysyx/mul_div/wallance_all/design/wallence_3_2.v" Line 549. Module ysyx_full_adder doesn't have a timescale but at least one module in design has a timescale.
WARNING: [XSIM 43-4099] "C:/Users/DMH/Desktop/summerysyx/mul_div/wallance_all/design/wallence_3_2.v" Line 549. Module ysyx_full_adder doesn't have a timescale but at least one module in design has a timescale.
WARNING: [XSIM 43-4099] "C:/Users/DMH/Desktop/summerysyx/mul_div/wallance_all/design/wallence_3_2.v" Line 549. Module ysyx_full_adder doesn't have a timescale but at least one module in design has a timescale.
WARNING: [XSIM 43-4099] "C:/Users/DMH/Desktop/summerysyx/mul_div/wallance_all/design/wallence_3_2.v" Line 549. Module ysyx_full_adder doesn't have a timescale but at least one module in design has a timescale.
WARNING: [XSIM 43-4099] "C:/Users/DMH/Desktop/summerysyx/mul_div/wallance_all/design/wallence_3_2.v" Line 549. Module ysyx_full_adder doesn't have a timescale but at least one module in design has a timescale.
WARNING: [XSIM 43-4099] "C:/Users/DMH/Desktop/summerysyx/mul_div/wallance_all/design/wallence_3_2.v" Line 549. Module ysyx_full_adder doesn't have a timescale but at least one module in design has a timescale.
WARNING: [XSIM 43-4099] "C:/Users/DMH/Desktop/summerysyx/mul_div/wallance_all/design/wallence_3_2.v" Line 549. Module ysyx_full_adder doesn't have a timescale but at least one module in design has a timescale.
WARNING: [XSIM 43-4099] "C:/Users/DMH/Desktop/summerysyx/mul_div/wallance_all/design/wallence_3_2.v" Line 549. Module ysyx_full_adder doesn't have a timescale but at least one module in design has a timescale.
WARNING: [XSIM 43-4099] "C:/Users/DMH/Desktop/summerysyx/mul_div/wallance_all/design/wallence_3_2.v" Line 549. Module ysyx_full_adder doesn't have a timescale but at least one module in design has a timescale.
WARNING: [XSIM 43-4099] "C:/Users/DMH/Desktop/summerysyx/mul_div/wallance_all/design/wallence_3_2.v" Line 549. Module ysyx_full_adder doesn't have a timescale but at least one module in design has a timescale.
WARNING: [XSIM 43-4099] "C:/Users/DMH/Desktop/summerysyx/mul_div/wallance_all/design/wallence_3_2.v" Line 549. Module ysyx_full_adder doesn't have a timescale but at least one module in design has a timescale.
WARNING: [XSIM 43-4099] "C:/Users/DMH/Desktop/summerysyx/mul_div/wallance_all/design/wallence_3_2.v" Line 549. Module ysyx_full_adder doesn't have a timescale but at least one module in design has a timescale.
WARNING: [XSIM 43-4099] "C:/Users/DMH/Desktop/summerysyx/mul_div/wallance_all/design/wallence_3_2.v" Line 549. Module ysyx_full_adder doesn't have a timescale but at least one module in design has a timescale.
WARNING: [XSIM 43-4099] "C:/Users/DMH/Desktop/summerysyx/mul_div/wallance_all/design/wallence_3_2.v" Line 549. Module ysyx_full_adder doesn't have a timescale but at least one module in design has a timescale.
WARNING: [XSIM 43-4099] "C:/Users/DMH/Desktop/summerysyx/mul_div/wallance_all/design/wallence_3_2.v" Line 549. Module ysyx_full_adder doesn't have a timescale but at least one module in design has a timescale.
WARNING: [XSIM 43-4099] "C:/Users/DMH/Desktop/summerysyx/mul_div/wallance_all/design/wallence_3_2.v" Line 549. Module ysyx_full_adder doesn't have a timescale but at least one module in design has a timescale.
WARNING: [XSIM 43-4099] "C:/Users/DMH/Desktop/summerysyx/mul_div/wallance_all/design/wallence_3_2.v" Line 549. Module ysyx_full_adder doesn't have a timescale but at least one module in design has a timescale.
WARNING: [XSIM 43-4099] "C:/Users/DMH/Desktop/summerysyx/mul_div/wallance_all/design/wallence_3_2.v" Line 549. Module ysyx_full_adder doesn't have a timescale but at least one module in design has a timescale.
WARNING: [XSIM 43-4099] "C:/Users/DMH/Desktop/summerysyx/mul_div/wallance_all/design/wallence_3_2.v" Line 549. Module ysyx_full_adder doesn't have a timescale but at least one module in design has a timescale.
WARNING: [XSIM 43-4099] "C:/Users/DMH/Desktop/summerysyx/mul_div/wallance_all/design/wallence_3_2.v" Line 549. Module ysyx_full_adder doesn't have a timescale but at least one module in design has a timescale.
WARNING: [XSIM 43-4099] "C:/Users/DMH/Desktop/summerysyx/mul_div/wallance_all/design/wallence_3_2.v" Line 549. Module ysyx_full_adder doesn't have a timescale but at least one module in design has a timescale.
WARNING: [XSIM 43-4099] "C:/Users/DMH/Desktop/summerysyx/mul_div/wallance_all/design/wallence_3_2.v" Line 549. Module ysyx_full_adder doesn't have a timescale but at least one module in design has a timescale.
WARNING: [XSIM 43-4099] "C:/Users/DMH/Desktop/summerysyx/mul_div/wallance_all/design/wallence_3_2.v" Line 549. Module ysyx_full_adder doesn't have a timescale but at least one module in design has a timescale.
WARNING: [XSIM 43-4099] "C:/Users/DMH/Desktop/summerysyx/mul_div/wallance_all/design/wallence_3_2.v" Line 549. Module ysyx_full_adder doesn't have a timescale but at least one module in design has a timescale.
WARNING: [XSIM 43-4099] "C:/Users/DMH/Desktop/summerysyx/mul_div/wallance_all/design/wallence_3_2.v" Line 549. Module ysyx_full_adder doesn't have a timescale but at least one module in design has a timescale.
WARNING: [XSIM 43-4099] "C:/Users/DMH/Desktop/summerysyx/mul_div/wallance_all/design/wallence_3_2.v" Line 549. Module ysyx_full_adder doesn't have a timescale but at least one module in design has a timescale.
WARNING: [XSIM 43-4099] "C:/Users/DMH/Desktop/summerysyx/mul_div/wallance_all/design/wallence_3_2.v" Line 549. Module ysyx_full_adder doesn't have a timescale but at least one module in design has a timescale.
WARNING: [XSIM 43-4099] "C:/Users/DMH/Desktop/summerysyx/mul_div/wallance_all/design/wallence_3_2.v" Line 549. Module ysyx_full_adder doesn't have a timescale but at least one module in design has a timescale.
WARNING: [XSIM 43-4099] "C:/Users/DMH/Desktop/summerysyx/mul_div/wallance_all/design/wallence_3_2.v" Line 549. Module ysyx_full_adder doesn't have a timescale but at least one module in design has a timescale.
WARNING: [XSIM 43-4099] "C:/Users/DMH/Desktop/summerysyx/mul_div/wallance_all/design/wallence_3_2.v" Line 549. Module ysyx_full_adder doesn't have a timescale but at least one module in design has a timescale.
WARNING: [XSIM 43-4099] "C:/Users/DMH/Desktop/summerysyx/mul_div/wallance_all/design/wallence_3_2.v" Line 549. Module ysyx_full_adder doesn't have a timescale but at least one module in design has a timescale.
WARNING: [XSIM 43-4099] "C:/Users/DMH/Desktop/summerysyx/mul_div/wallance_all/design/wallence_3_2.v" Line 549. Module ysyx_full_adder doesn't have a timescale but at least one module in design has a timescale.
WARNING: [XSIM 43-4099] "C:/Users/DMH/Desktop/summerysyx/mul_div/wallance_all/design/wallence_3_2.v" Line 549. Module ysyx_full_adder doesn't have a timescale but at least one module in design has a timescale.
WARNING: [XSIM 43-4099] "C:/Users/DMH/Desktop/summerysyx/mul_div/wallance_all/design/wallence_3_2.v" Line 549. Module ysyx_full_adder doesn't have a timescale but at least one module in design has a timescale.
WARNING: [XSIM 43-4099] "C:/Users/DMH/Desktop/summerysyx/mul_div/wallance_all/design/wallence_3_2.v" Line 549. Module ysyx_full_adder doesn't have a timescale but at least one module in design has a timescale.
WARNING: [XSIM 43-4099] "C:/Users/DMH/Desktop/summerysyx/mul_div/wallance_all/design/wallence_3_2.v" Line 549. Module ysyx_full_adder doesn't have a timescale but at least one module in design has a timescale.
WARNING: [XSIM 43-4099] "C:/Users/DMH/Desktop/summerysyx/mul_div/wallance_all/design/wallence_3_2.v" Line 549. Module ysyx_full_adder doesn't have a timescale but at least one module in design has a timescale.
WARNING: [XSIM 43-4099] "C:/Users/DMH/Desktop/summerysyx/mul_div/wallance_all/design/wallence_3_2.v" Line 549. Module ysyx_full_adder doesn't have a timescale but at least one module in design has a timescale.
WARNING: [XSIM 43-4099] "C:/Users/DMH/Desktop/summerysyx/mul_div/wallance_all/design/wallence_3_2.v" Line 549. Module ysyx_full_adder doesn't have a timescale but at least one module in design has a timescale.
WARNING: [XSIM 43-4099] "C:/Users/DMH/Desktop/summerysyx/mul_div/wallance_all/design/wallence_3_2.v" Line 549. Module ysyx_full_adder doesn't have a timescale but at least one module in design has a timescale.
WARNING: [XSIM 43-4099] "C:/Users/DMH/Desktop/summerysyx/mul_div/wallance_all/design/wallence_3_2.v" Line 549. Module ysyx_full_adder doesn't have a timescale but at least one module in design has a timescale.
WARNING: [XSIM 43-4099] "C:/Users/DMH/Desktop/summerysyx/mul_div/wallance_all/design/wallence_3_2.v" Line 549. Module ysyx_full_adder doesn't have a timescale but at least one module in design has a timescale.
INFO: [Common 17-14] Message 'XSIM 43-4099' appears 100 times and further instances of the messages will be disabled. Use the Tcl command set_msg_config to change the current settings.
Completed simulation data flow analysis
Time Resolution for simulation is 1ps
Compiling module xil_defaultlib.ysyx_alu_mul_booth_r4
Compiling module xil_defaultlib.ysyx_regTemplate(WIDTH=128)
Compiling module xil_defaultlib.ysyx_full_adder
Compiling module xil_defaultlib.ysyx_regTemplate(WIDTH=128,RESET...
Compiling module xil_defaultlib.ysyx_alu_mul_wallace_csa_default
Compiling module xil_defaultlib.tb_booth
Compiling module xil_defaultlib.glbl
Built simulation snapshot tb_booth_behav
