#-----------------------------------------------------------
# Vivado v2018.3 (64-bit)
# SW Build 2405991 on Thu Dec  6 23:38:27 MST 2018
# IP Build 2404404 on Fri Dec  7 01:43:56 MST 2018
# Start of session at: Sat Jul 15 18:45:28 2023
# Process ID: 59892
# Current directory: C:/Users/DMH/Desktop/summerysyx/mul_div/wallance_all/wallance
# Command line: vivado.exe -gui_launcher_event rodinguilauncherevent17796 C:\Users\DMH\Desktop\summerysyx\mul_div\wallance_all\wallance\wallance.xpr
# Log file: C:/Users/DMH/Desktop/summerysyx/mul_div/wallance_all/wallance/vivado.log
# Journal file: C:/Users/DMH/Desktop/summerysyx/mul_div/wallance_all/wallance\vivado.jou
#-----------------------------------------------------------
start_gui
open_project C:/Users/DMH/Desktop/summerysyx/mul_div/wallance_all/wallance/wallance.xpr
Scanning sources...
Finished scanning sources
INFO: [IP_Flow 19-234] Refreshing IP repositories
INFO: [IP_Flow 19-1704] No user IP repositories specified
INFO: [IP_Flow 19-2313] Loaded Vivado IP repository 'C:/Xilinx/Vivado/2018.3/data/ip'.
open_project: Time (s): cpu = 00:00:17 ; elapsed = 00:00:09 . Memory (MB): peak = 789.285 ; gain = 158.531
update_compile_order -fileset sources_1
exit
INFO: [Common 17-206] Exiting Vivado at Sat Jul 15 18:46:08 2023...
