# do {conv1_tb_compile.do}
# ** Warning: (vlib-34) Library already exists at "modelsim_lib/work".
# ** Warning: (vlib-34) Library already exists at "modelsim_lib/msim".
# ** Warning: (vlib-34) Library already exists at "modelsim_lib/msim/xil_defaultlib".
# Model Technology ModelSim SE-64 vmap 10.5 Lib Mapping Utility 2016.02 Feb 13 2016
# vmap xil_defaultlib modelsim_lib/msim/xil_defaultlib 
# Modifying E:\vivado2018\vivado_lib\modelsim.ini
# ** Warning: (vlog-159) Mode option -64 is not supported in this context and will be ignored.
# Model Technology ModelSim SE-64 vlog 10.5 Compiler 2016.02 Feb 13 2016
# Start time: 18:57:59 on May 24,2023
# vlog -64 -incr -work xil_defaultlib ../../../../project_1.srcs/sources_1/ip/gray_linebuffer/sim/gray_linebuffer.v ../../../../project_1.srcs/sources_1/ip/c1_w_6_rom/sim/c1_w_6_rom.v ../../../../project_1.srcs/sources_1/ip/c1_w_5_rom/sim/c1_w_5_rom.v ../../../../project_1.srcs/sources_1/ip/c1_w_4_rom/sim/c1_w_4_rom.v ../../../../project_1.srcs/sources_1/ip/c1_w_3_rom/sim/c1_w_3_rom.v ../../../../project_1.srcs/sources_1/ip/c1_w_2_rom/sim/c1_w_2_rom.v ../../../../project_1.srcs/sources_1/ip/c1_w_1_rom/sim/c1_w_1_rom.v ../../../../project_1.srcs/sources_1/ip/c1_b_rom/sim/c1_b_rom.v ../../../../project_1.srcs/sources_1/new/conv1.v ../../../../project_1.srcs/sources_1/new/top.v ../../../../project_1.srcs/sim_1/new/conv1_tb.v 
# -- Compiling module gray_linebuffer
# -- Skipping module c1_w_6_rom
# -- Skipping module c1_w_5_rom
# -- Skipping module c1_w_4_rom
# -- Skipping module c1_w_3_rom
# -- Skipping module c1_w_2_rom
# -- Skipping module c1_w_1_rom
# -- Skipping module c1_b_rom
# -- Skipping module conv1
# -- Skipping module top
# -- Skipping module conv1_tb
# 
# Top level modules:
# 	conv1_tb
# End time: 18:57:59 on May 24,2023, Elapsed time: 0:00:00
# Errors: 0, Warnings: 1
# Model Technology ModelSim SE-64 vlog 10.5 Compiler 2016.02 Feb 13 2016
# Start time: 18:57:59 on May 24,2023
# vlog -work xil_defaultlib glbl.v 
# -- Compiling module glbl
# 
# Top level modules:
# 	glbl
# End time: 18:57:59 on May 24,2023, Elapsed time: 0:00:00
# Errors: 0, Warnings: 0
