14:26:54 INFO  : Registering command handlers for SDK TCF services
14:26:55 INFO  : Launching XSCT server: xsct.bat -interactive C:\Users\DMH\Desktop\FPGA\V3_second_study\p2_Interrupt\interrupt\interrupt.sdk\temp_xsdb_launch_script.tcl
14:26:58 INFO  : XSCT server has started successfully.
14:26:59 INFO  : Successfully done setting XSCT server connection channel  
14:26:59 INFO  : Successfully done setting SDK workspace  
14:26:59 INFO  : Processing command line option -hwspec C:/Users/DMH/Desktop/FPGA/V3_second_study/p2_Interrupt/interrupt/interrupt.sdk/design_1_wrapper.hdf.
14:32:31 INFO  : Example project GPIO_bsp_xgpiops_intr_example_1 has been created successfully.
14:32:32 INFO  : Example project GPIO_bsp_xgpiops_polled_example_1 has been created successfully.
14:45:20 INFO  : Connected to target on host '127.0.0.1' and port '3121'.
14:45:21 INFO  : 'targets -set -filter {jtag_cable_name =~ "Digilent JTAG-SMT1 210203367371A" && level==0} -index 1' command is executed.
14:45:24 INFO  : FPGA configured successfully with bitstream "C:/Users/DMH/Desktop/FPGA/V3_second_study/p2_Interrupt/interrupt/interrupt.sdk/design_1_wrapper_hw_platform_0/design_1_wrapper.bit"
14:45:49 INFO  : Connected to target on host '127.0.0.1' and port '3121'.
14:45:49 INFO  : 'targets -set -filter {jtag_cable_name =~ "Digilent JTAG-SMT1 210203367371A" && level==0} -index 1' command is executed.
14:45:52 INFO  : FPGA configured successfully with bitstream "C:/Users/DMH/Desktop/FPGA/V3_second_study/p2_Interrupt/interrupt/interrupt.sdk/design_1_wrapper_hw_platform_0/design_1_wrapper.bit"
14:46:20 INFO  : 'targets -set -filter {jtag_cable_name =~ "Digilent JTAG-SMT1 210203367371A" && level==0} -index 1' command is executed.
14:46:20 INFO  : 'fpga -state' command is executed.
14:46:20 INFO  : Connected to target on host '127.0.0.1' and port '3121'.
14:46:20 INFO  : Jtag cable 'Digilent JTAG-SMT1 210203367371A' is selected.
14:46:20 INFO  : 'jtag frequency' command is executed.
14:46:20 INFO  : Sourcing of 'C:/Users/DMH/Desktop/FPGA/V3_second_study/p2_Interrupt/interrupt/interrupt.sdk/design_1_wrapper_hw_platform_0/ps7_init.tcl' is done.
14:46:20 INFO  : Context for 'APU' is selected.
14:46:20 INFO  : Hardware design information is loaded from 'C:/Users/DMH/Desktop/FPGA/V3_second_study/p2_Interrupt/interrupt/interrupt.sdk/design_1_wrapper_hw_platform_0/system.hdf'.
14:46:20 INFO  : 'configparams force-mem-access 1' command is executed.
14:46:20 INFO  : Context for 'APU' is selected.
14:46:20 INFO  : 'stop' command is executed.
14:46:21 INFO  : 'ps7_init' command is executed.
14:46:21 INFO  : 'ps7_post_config' command is executed.
14:46:21 INFO  : Context for processor 'ps7_cortexa9_0' is selected.
14:46:21 INFO  : Processor reset is completed for 'ps7_cortexa9_0'.
14:46:21 INFO  : Context for processor 'ps7_cortexa9_0' is selected.
14:46:21 INFO  : The application 'C:/Users/DMH/Desktop/FPGA/V3_second_study/p2_Interrupt/interrupt/interrupt.sdk/GPIO/Debug/GPIO.elf' is downloaded to processor 'ps7_cortexa9_0'.
14:46:21 INFO  : 'configparams force-mem-access 0' command is executed.
14:46:21 INFO  : ----------------XSDB Script----------------
connect -url tcp:127.0.0.1:3121
source C:/Users/DMH/Desktop/FPGA/V3_second_study/p2_Interrupt/interrupt/interrupt.sdk/design_1_wrapper_hw_platform_0/ps7_init.tcl
targets -set -nocase -filter {name =~"APU*" && jtag_cable_name =~ "Digilent JTAG-SMT1 210203367371A"} -index 0
loadhw -hw C:/Users/DMH/Desktop/FPGA/V3_second_study/p2_Interrupt/interrupt/interrupt.sdk/design_1_wrapper_hw_platform_0/system.hdf -mem-ranges [list {0x40000000 0xbfffffff}]
configparams force-mem-access 1
targets -set -nocase -filter {name =~"APU*" && jtag_cable_name =~ "Digilent JTAG-SMT1 210203367371A"} -index 0
stop
ps7_init
ps7_post_config
targets -set -nocase -filter {name =~ "ARM*#0" && jtag_cable_name =~ "Digilent JTAG-SMT1 210203367371A"} -index 0
rst -processor
targets -set -nocase -filter {name =~ "ARM*#0" && jtag_cable_name =~ "Digilent JTAG-SMT1 210203367371A"} -index 0
dow C:/Users/DMH/Desktop/FPGA/V3_second_study/p2_Interrupt/interrupt/interrupt.sdk/GPIO/Debug/GPIO.elf
configparams force-mem-access 0
----------------End of Script----------------

14:46:21 INFO  : Memory regions updated for context APU
14:46:21 INFO  : Context for processor 'ps7_cortexa9_0' is selected.
14:46:21 INFO  : 'con' command is executed.
14:46:21 INFO  : ----------------XSDB Script (After Launch)----------------
targets -set -nocase -filter {name =~ "ARM*#0" && jtag_cable_name =~ "Digilent JTAG-SMT1 210203367371A"} -index 0
con
----------------End of Script----------------

14:46:21 INFO  : Launch script is exported to file 'C:\Users\DMH\Desktop\FPGA\V3_second_study\p2_Interrupt\interrupt\interrupt.sdk\.sdk\launch_scripts\xilinx_c-c++_application_(system_debugger)\system_debugger_using_debug_gpio.elf_on_local.tcl'
14:46:31 INFO  : Disconnected from the channel tcfchan#1.
14:46:32 INFO  : 'targets -set -filter {jtag_cable_name =~ "Digilent JTAG-SMT1 210203367371A" && level==0} -index 1' command is executed.
14:46:32 INFO  : 'fpga -state' command is executed.
14:46:32 INFO  : Connected to target on host '127.0.0.1' and port '3121'.
14:46:33 INFO  : Jtag cable 'Digilent JTAG-SMT1 210203367371A' is selected.
14:46:33 INFO  : 'jtag frequency' command is executed.
14:46:33 INFO  : Sourcing of 'C:/Users/DMH/Desktop/FPGA/V3_second_study/p2_Interrupt/interrupt/interrupt.sdk/design_1_wrapper_hw_platform_0/ps7_init.tcl' is done.
14:46:33 INFO  : Context for 'APU' is selected.
14:46:34 INFO  : Hardware design information is loaded from 'C:/Users/DMH/Desktop/FPGA/V3_second_study/p2_Interrupt/interrupt/interrupt.sdk/design_1_wrapper_hw_platform_0/system.hdf'.
14:46:34 INFO  : 'configparams force-mem-access 1' command is executed.
14:46:34 INFO  : Context for 'APU' is selected.
14:46:34 INFO  : 'stop' command is executed.
14:46:34 INFO  : 'ps7_init' command is executed.
14:46:34 INFO  : 'ps7_post_config' command is executed.
14:46:35 INFO  : Context for processor 'ps7_cortexa9_0' is selected.
14:46:35 INFO  : Processor reset is completed for 'ps7_cortexa9_0'.
14:46:35 INFO  : Context for processor 'ps7_cortexa9_0' is selected.
14:46:35 INFO  : The application 'C:/Users/DMH/Desktop/FPGA/V3_second_study/p2_Interrupt/interrupt/interrupt.sdk/GPIO/Debug/GPIO.elf' is downloaded to processor 'ps7_cortexa9_0'.
14:46:35 INFO  : 'configparams force-mem-access 0' command is executed.
14:46:35 INFO  : ----------------XSDB Script----------------
connect -url tcp:127.0.0.1:3121
source C:/Users/DMH/Desktop/FPGA/V3_second_study/p2_Interrupt/interrupt/interrupt.sdk/design_1_wrapper_hw_platform_0/ps7_init.tcl
targets -set -nocase -filter {name =~"APU*" && jtag_cable_name =~ "Digilent JTAG-SMT1 210203367371A"} -index 0
loadhw -hw C:/Users/DMH/Desktop/FPGA/V3_second_study/p2_Interrupt/interrupt/interrupt.sdk/design_1_wrapper_hw_platform_0/system.hdf -mem-ranges [list {0x40000000 0xbfffffff}]
configparams force-mem-access 1
targets -set -nocase -filter {name =~"APU*" && jtag_cable_name =~ "Digilent JTAG-SMT1 210203367371A"} -index 0
stop
ps7_init
ps7_post_config
targets -set -nocase -filter {name =~ "ARM*#0" && jtag_cable_name =~ "Digilent JTAG-SMT1 210203367371A"} -index 0
rst -processor
targets -set -nocase -filter {name =~ "ARM*#0" && jtag_cable_name =~ "Digilent JTAG-SMT1 210203367371A"} -index 0
dow C:/Users/DMH/Desktop/FPGA/V3_second_study/p2_Interrupt/interrupt/interrupt.sdk/GPIO/Debug/GPIO.elf
configparams force-mem-access 0
----------------End of Script----------------

14:46:35 INFO  : Memory regions updated for context APU
14:46:35 INFO  : Context for processor 'ps7_cortexa9_0' is selected.
14:46:35 INFO  : 'con' command is executed.
14:46:35 INFO  : ----------------XSDB Script (After Launch)----------------
targets -set -nocase -filter {name =~ "ARM*#0" && jtag_cable_name =~ "Digilent JTAG-SMT1 210203367371A"} -index 0
con
----------------End of Script----------------

14:46:35 INFO  : Launch script is exported to file 'C:\Users\DMH\Desktop\FPGA\V3_second_study\p2_Interrupt\interrupt\interrupt.sdk\.sdk\launch_scripts\xilinx_c-c++_application_(system_debugger)\system_debugger_using_debug_gpio.elf_on_local.tcl'
14:46:53 INFO  : Disconnected from the channel tcfchan#2.
14:46:54 INFO  : 'targets -set -filter {jtag_cable_name =~ "Digilent JTAG-SMT1 210203367371A" && level==0} -index 1' command is executed.
14:46:54 INFO  : 'fpga -state' command is executed.
14:46:54 INFO  : Connected to target on host '127.0.0.1' and port '3121'.
14:46:54 INFO  : Jtag cable 'Digilent JTAG-SMT1 210203367371A' is selected.
14:46:54 INFO  : 'jtag frequency' command is executed.
14:46:54 INFO  : Sourcing of 'C:/Users/DMH/Desktop/FPGA/V3_second_study/p2_Interrupt/interrupt/interrupt.sdk/design_1_wrapper_hw_platform_0/ps7_init.tcl' is done.
14:46:54 INFO  : Context for 'APU' is selected.
14:46:56 INFO  : Hardware design information is loaded from 'C:/Users/DMH/Desktop/FPGA/V3_second_study/p2_Interrupt/interrupt/interrupt.sdk/design_1_wrapper_hw_platform_0/system.hdf'.
14:46:56 INFO  : 'configparams force-mem-access 1' command is executed.
14:46:56 INFO  : Context for 'APU' is selected.
14:46:56 INFO  : 'stop' command is executed.
14:46:56 INFO  : 'ps7_init' command is executed.
14:46:56 INFO  : 'ps7_post_config' command is executed.
14:46:56 INFO  : Context for processor 'ps7_cortexa9_0' is selected.
14:46:56 INFO  : Processor reset is completed for 'ps7_cortexa9_0'.
14:46:56 INFO  : Context for processor 'ps7_cortexa9_0' is selected.
14:46:56 INFO  : The application 'C:/Users/DMH/Desktop/FPGA/V3_second_study/p2_Interrupt/interrupt/interrupt.sdk/GPIO/Debug/GPIO.elf' is downloaded to processor 'ps7_cortexa9_0'.
14:46:56 INFO  : 'configparams force-mem-access 0' command is executed.
14:46:56 INFO  : ----------------XSDB Script----------------
connect -url tcp:127.0.0.1:3121
source C:/Users/DMH/Desktop/FPGA/V3_second_study/p2_Interrupt/interrupt/interrupt.sdk/design_1_wrapper_hw_platform_0/ps7_init.tcl
targets -set -nocase -filter {name =~"APU*" && jtag_cable_name =~ "Digilent JTAG-SMT1 210203367371A"} -index 0
loadhw -hw C:/Users/DMH/Desktop/FPGA/V3_second_study/p2_Interrupt/interrupt/interrupt.sdk/design_1_wrapper_hw_platform_0/system.hdf -mem-ranges [list {0x40000000 0xbfffffff}]
configparams force-mem-access 1
targets -set -nocase -filter {name =~"APU*" && jtag_cable_name =~ "Digilent JTAG-SMT1 210203367371A"} -index 0
stop
ps7_init
ps7_post_config
targets -set -nocase -filter {name =~ "ARM*#0" && jtag_cable_name =~ "Digilent JTAG-SMT1 210203367371A"} -index 0
rst -processor
targets -set -nocase -filter {name =~ "ARM*#0" && jtag_cable_name =~ "Digilent JTAG-SMT1 210203367371A"} -index 0
dow C:/Users/DMH/Desktop/FPGA/V3_second_study/p2_Interrupt/interrupt/interrupt.sdk/GPIO/Debug/GPIO.elf
configparams force-mem-access 0
----------------End of Script----------------

14:46:56 INFO  : Memory regions updated for context APU
14:46:56 INFO  : Context for processor 'ps7_cortexa9_0' is selected.
14:46:56 INFO  : 'con' command is executed.
14:46:56 INFO  : ----------------XSDB Script (After Launch)----------------
targets -set -nocase -filter {name =~ "ARM*#0" && jtag_cable_name =~ "Digilent JTAG-SMT1 210203367371A"} -index 0
con
----------------End of Script----------------

14:46:56 INFO  : Launch script is exported to file 'C:\Users\DMH\Desktop\FPGA\V3_second_study\p2_Interrupt\interrupt\interrupt.sdk\.sdk\launch_scripts\xilinx_c-c++_application_(system_debugger)\system_debugger_using_debug_gpio.elf_on_local.tcl'
14:47:28 INFO  : Disconnected from the channel tcfchan#3.
14:47:29 INFO  : 'targets -set -filter {jtag_cable_name =~ "Digilent JTAG-SMT1 210203367371A" && level==0} -index 1' command is executed.
14:47:29 INFO  : 'fpga -state' command is executed.
14:47:29 INFO  : Connected to target on host '127.0.0.1' and port '3121'.
14:47:29 INFO  : Jtag cable 'Digilent JTAG-SMT1 210203367371A' is selected.
14:47:29 INFO  : 'jtag frequency' command is executed.
14:47:29 INFO  : Sourcing of 'C:/Users/DMH/Desktop/FPGA/V3_second_study/p2_Interrupt/interrupt/interrupt.sdk/design_1_wrapper_hw_platform_0/ps7_init.tcl' is done.
14:47:29 INFO  : Context for 'APU' is selected.
14:47:31 INFO  : Hardware design information is loaded from 'C:/Users/DMH/Desktop/FPGA/V3_second_study/p2_Interrupt/interrupt/interrupt.sdk/design_1_wrapper_hw_platform_0/system.hdf'.
14:47:31 INFO  : 'configparams force-mem-access 1' command is executed.
14:47:31 INFO  : Context for 'APU' is selected.
14:47:31 INFO  : 'stop' command is executed.
14:47:31 INFO  : 'ps7_init' command is executed.
14:47:31 INFO  : 'ps7_post_config' command is executed.
14:47:31 INFO  : Context for processor 'ps7_cortexa9_0' is selected.
14:47:31 INFO  : Processor reset is completed for 'ps7_cortexa9_0'.
14:47:31 INFO  : Context for processor 'ps7_cortexa9_0' is selected.
14:47:31 INFO  : The application 'C:/Users/DMH/Desktop/FPGA/V3_second_study/p2_Interrupt/interrupt/interrupt.sdk/GPIO/Debug/GPIO.elf' is downloaded to processor 'ps7_cortexa9_0'.
14:47:31 INFO  : 'configparams force-mem-access 0' command is executed.
14:47:31 INFO  : ----------------XSDB Script----------------
connect -url tcp:127.0.0.1:3121
source C:/Users/DMH/Desktop/FPGA/V3_second_study/p2_Interrupt/interrupt/interrupt.sdk/design_1_wrapper_hw_platform_0/ps7_init.tcl
targets -set -nocase -filter {name =~"APU*" && jtag_cable_name =~ "Digilent JTAG-SMT1 210203367371A"} -index 0
loadhw -hw C:/Users/DMH/Desktop/FPGA/V3_second_study/p2_Interrupt/interrupt/interrupt.sdk/design_1_wrapper_hw_platform_0/system.hdf -mem-ranges [list {0x40000000 0xbfffffff}]
configparams force-mem-access 1
targets -set -nocase -filter {name =~"APU*" && jtag_cable_name =~ "Digilent JTAG-SMT1 210203367371A"} -index 0
stop
ps7_init
ps7_post_config
targets -set -nocase -filter {name =~ "ARM*#0" && jtag_cable_name =~ "Digilent JTAG-SMT1 210203367371A"} -index 0
rst -processor
targets -set -nocase -filter {name =~ "ARM*#0" && jtag_cable_name =~ "Digilent JTAG-SMT1 210203367371A"} -index 0
dow C:/Users/DMH/Desktop/FPGA/V3_second_study/p2_Interrupt/interrupt/interrupt.sdk/GPIO/Debug/GPIO.elf
configparams force-mem-access 0
----------------End of Script----------------

14:47:31 INFO  : Memory regions updated for context APU
14:47:32 INFO  : Context for processor 'ps7_cortexa9_0' is selected.
14:47:32 INFO  : 'con' command is executed.
14:47:32 INFO  : ----------------XSDB Script (After Launch)----------------
targets -set -nocase -filter {name =~ "ARM*#0" && jtag_cable_name =~ "Digilent JTAG-SMT1 210203367371A"} -index 0
con
----------------End of Script----------------

14:47:32 INFO  : Launch script is exported to file 'C:\Users\DMH\Desktop\FPGA\V3_second_study\p2_Interrupt\interrupt\interrupt.sdk\.sdk\launch_scripts\xilinx_c-c++_application_(system_debugger)\system_debugger_using_debug_gpio.elf_on_local.tcl'
14:47:53 INFO  : Disconnected from the channel tcfchan#4.
14:47:54 INFO  : 'targets -set -filter {jtag_cable_name =~ "Digilent JTAG-SMT1 210203367371A" && level==0} -index 1' command is executed.
14:47:54 INFO  : 'fpga -state' command is executed.
14:47:54 INFO  : Connected to target on host '127.0.0.1' and port '3121'.
14:47:54 INFO  : Jtag cable 'Digilent JTAG-SMT1 210203367371A' is selected.
14:47:54 INFO  : 'jtag frequency' command is executed.
14:47:54 INFO  : Sourcing of 'C:/Users/DMH/Desktop/FPGA/V3_second_study/p2_Interrupt/interrupt/interrupt.sdk/design_1_wrapper_hw_platform_0/ps7_init.tcl' is done.
14:47:54 INFO  : Context for 'APU' is selected.
14:47:56 INFO  : Hardware design information is loaded from 'C:/Users/DMH/Desktop/FPGA/V3_second_study/p2_Interrupt/interrupt/interrupt.sdk/design_1_wrapper_hw_platform_0/system.hdf'.
14:47:56 INFO  : 'configparams force-mem-access 1' command is executed.
14:47:56 INFO  : Context for 'APU' is selected.
14:47:56 INFO  : 'stop' command is executed.
14:47:56 INFO  : 'ps7_init' command is executed.
14:47:56 INFO  : 'ps7_post_config' command is executed.
14:47:56 INFO  : Context for processor 'ps7_cortexa9_0' is selected.
14:47:56 INFO  : Processor reset is completed for 'ps7_cortexa9_0'.
14:47:56 INFO  : Context for processor 'ps7_cortexa9_0' is selected.
14:47:56 INFO  : The application 'C:/Users/DMH/Desktop/FPGA/V3_second_study/p2_Interrupt/interrupt/interrupt.sdk/GPIO/Debug/GPIO.elf' is downloaded to processor 'ps7_cortexa9_0'.
14:47:56 INFO  : 'configparams force-mem-access 0' command is executed.
14:47:56 INFO  : ----------------XSDB Script----------------
connect -url tcp:127.0.0.1:3121
source C:/Users/DMH/Desktop/FPGA/V3_second_study/p2_Interrupt/interrupt/interrupt.sdk/design_1_wrapper_hw_platform_0/ps7_init.tcl
targets -set -nocase -filter {name =~"APU*" && jtag_cable_name =~ "Digilent JTAG-SMT1 210203367371A"} -index 0
loadhw -hw C:/Users/DMH/Desktop/FPGA/V3_second_study/p2_Interrupt/interrupt/interrupt.sdk/design_1_wrapper_hw_platform_0/system.hdf -mem-ranges [list {0x40000000 0xbfffffff}]
configparams force-mem-access 1
targets -set -nocase -filter {name =~"APU*" && jtag_cable_name =~ "Digilent JTAG-SMT1 210203367371A"} -index 0
stop
ps7_init
ps7_post_config
targets -set -nocase -filter {name =~ "ARM*#0" && jtag_cable_name =~ "Digilent JTAG-SMT1 210203367371A"} -index 0
rst -processor
targets -set -nocase -filter {name =~ "ARM*#0" && jtag_cable_name =~ "Digilent JTAG-SMT1 210203367371A"} -index 0
dow C:/Users/DMH/Desktop/FPGA/V3_second_study/p2_Interrupt/interrupt/interrupt.sdk/GPIO/Debug/GPIO.elf
configparams force-mem-access 0
----------------End of Script----------------

14:47:56 INFO  : Memory regions updated for context APU
14:47:57 INFO  : Context for processor 'ps7_cortexa9_0' is selected.
14:47:57 INFO  : 'con' command is executed.
14:47:57 INFO  : ----------------XSDB Script (After Launch)----------------
targets -set -nocase -filter {name =~ "ARM*#0" && jtag_cable_name =~ "Digilent JTAG-SMT1 210203367371A"} -index 0
con
----------------End of Script----------------

14:47:57 INFO  : Launch script is exported to file 'C:\Users\DMH\Desktop\FPGA\V3_second_study\p2_Interrupt\interrupt\interrupt.sdk\.sdk\launch_scripts\xilinx_c-c++_application_(system_debugger)\system_debugger_using_debug_gpio.elf_on_local.tcl'
14:48:09 INFO  : Disconnected from the channel tcfchan#5.
14:48:10 INFO  : 'targets -set -filter {jtag_cable_name =~ "Digilent JTAG-SMT1 210203367371A" && level==0} -index 1' command is executed.
14:48:10 INFO  : 'fpga -state' command is executed.
14:48:10 INFO  : Connected to target on host '127.0.0.1' and port '3121'.
14:48:10 INFO  : Jtag cable 'Digilent JTAG-SMT1 210203367371A' is selected.
14:48:10 INFO  : 'jtag frequency' command is executed.
14:48:10 INFO  : Sourcing of 'C:/Users/DMH/Desktop/FPGA/V3_second_study/p2_Interrupt/interrupt/interrupt.sdk/design_1_wrapper_hw_platform_0/ps7_init.tcl' is done.
14:48:10 INFO  : Context for 'APU' is selected.
14:48:11 INFO  : Hardware design information is loaded from 'C:/Users/DMH/Desktop/FPGA/V3_second_study/p2_Interrupt/interrupt/interrupt.sdk/design_1_wrapper_hw_platform_0/system.hdf'.
14:48:11 INFO  : 'configparams force-mem-access 1' command is executed.
14:48:11 INFO  : Context for 'APU' is selected.
14:48:11 INFO  : 'stop' command is executed.
14:48:12 INFO  : 'ps7_init' command is executed.
14:48:12 INFO  : 'ps7_post_config' command is executed.
14:48:12 INFO  : Context for processor 'ps7_cortexa9_0' is selected.
14:48:12 INFO  : Processor reset is completed for 'ps7_cortexa9_0'.
14:48:12 INFO  : Context for processor 'ps7_cortexa9_0' is selected.
14:48:12 INFO  : The application 'C:/Users/DMH/Desktop/FPGA/V3_second_study/p2_Interrupt/interrupt/interrupt.sdk/GPIO/Debug/GPIO.elf' is downloaded to processor 'ps7_cortexa9_0'.
14:48:12 INFO  : 'configparams force-mem-access 0' command is executed.
14:48:12 INFO  : ----------------XSDB Script----------------
connect -url tcp:127.0.0.1:3121
source C:/Users/DMH/Desktop/FPGA/V3_second_study/p2_Interrupt/interrupt/interrupt.sdk/design_1_wrapper_hw_platform_0/ps7_init.tcl
targets -set -nocase -filter {name =~"APU*" && jtag_cable_name =~ "Digilent JTAG-SMT1 210203367371A"} -index 0
loadhw -hw C:/Users/DMH/Desktop/FPGA/V3_second_study/p2_Interrupt/interrupt/interrupt.sdk/design_1_wrapper_hw_platform_0/system.hdf -mem-ranges [list {0x40000000 0xbfffffff}]
configparams force-mem-access 1
targets -set -nocase -filter {name =~"APU*" && jtag_cable_name =~ "Digilent JTAG-SMT1 210203367371A"} -index 0
stop
ps7_init
ps7_post_config
targets -set -nocase -filter {name =~ "ARM*#0" && jtag_cable_name =~ "Digilent JTAG-SMT1 210203367371A"} -index 0
rst -processor
targets -set -nocase -filter {name =~ "ARM*#0" && jtag_cable_name =~ "Digilent JTAG-SMT1 210203367371A"} -index 0
dow C:/Users/DMH/Desktop/FPGA/V3_second_study/p2_Interrupt/interrupt/interrupt.sdk/GPIO/Debug/GPIO.elf
configparams force-mem-access 0
----------------End of Script----------------

14:48:12 INFO  : Memory regions updated for context APU
14:48:12 INFO  : Context for processor 'ps7_cortexa9_0' is selected.
14:48:12 INFO  : 'con' command is executed.
14:48:12 INFO  : ----------------XSDB Script (After Launch)----------------
targets -set -nocase -filter {name =~ "ARM*#0" && jtag_cable_name =~ "Digilent JTAG-SMT1 210203367371A"} -index 0
con
----------------End of Script----------------

14:48:12 INFO  : Launch script is exported to file 'C:\Users\DMH\Desktop\FPGA\V3_second_study\p2_Interrupt\interrupt\interrupt.sdk\.sdk\launch_scripts\xilinx_c-c++_application_(system_debugger)\system_debugger_using_debug_gpio.elf_on_local.tcl'
14:51:58 INFO  : Disconnected from the channel tcfchan#6.
14:52:00 INFO  : 'targets -set -filter {jtag_cable_name =~ "Digilent JTAG-SMT1 210203367371A" && level==0} -index 1' command is executed.
14:52:00 INFO  : 'fpga -state' command is executed.
14:52:00 INFO  : Connected to target on host '127.0.0.1' and port '3121'.
14:52:00 INFO  : Jtag cable 'Digilent JTAG-SMT1 210203367371A' is selected.
14:52:00 INFO  : 'jtag frequency' command is executed.
14:52:00 INFO  : Sourcing of 'C:/Users/DMH/Desktop/FPGA/V3_second_study/p2_Interrupt/interrupt/interrupt.sdk/design_1_wrapper_hw_platform_0/ps7_init.tcl' is done.
14:52:00 INFO  : Context for 'APU' is selected.
14:52:01 INFO  : Hardware design information is loaded from 'C:/Users/DMH/Desktop/FPGA/V3_second_study/p2_Interrupt/interrupt/interrupt.sdk/design_1_wrapper_hw_platform_0/system.hdf'.
14:52:01 INFO  : 'configparams force-mem-access 1' command is executed.
14:52:01 INFO  : Context for 'APU' is selected.
14:52:01 INFO  : 'stop' command is executed.
14:52:02 INFO  : 'ps7_init' command is executed.
14:52:02 INFO  : 'ps7_post_config' command is executed.
14:52:02 INFO  : Context for processor 'ps7_cortexa9_0' is selected.
14:52:02 INFO  : Processor reset is completed for 'ps7_cortexa9_0'.
14:52:02 INFO  : Context for processor 'ps7_cortexa9_0' is selected.
14:52:02 INFO  : The application 'C:/Users/DMH/Desktop/FPGA/V3_second_study/p2_Interrupt/interrupt/interrupt.sdk/GPIO/Debug/GPIO.elf' is downloaded to processor 'ps7_cortexa9_0'.
14:52:02 INFO  : 'configparams force-mem-access 0' command is executed.
14:52:02 INFO  : ----------------XSDB Script----------------
connect -url tcp:127.0.0.1:3121
source C:/Users/DMH/Desktop/FPGA/V3_second_study/p2_Interrupt/interrupt/interrupt.sdk/design_1_wrapper_hw_platform_0/ps7_init.tcl
targets -set -nocase -filter {name =~"APU*" && jtag_cable_name =~ "Digilent JTAG-SMT1 210203367371A"} -index 0
loadhw -hw C:/Users/DMH/Desktop/FPGA/V3_second_study/p2_Interrupt/interrupt/interrupt.sdk/design_1_wrapper_hw_platform_0/system.hdf -mem-ranges [list {0x40000000 0xbfffffff}]
configparams force-mem-access 1
targets -set -nocase -filter {name =~"APU*" && jtag_cable_name =~ "Digilent JTAG-SMT1 210203367371A"} -index 0
stop
ps7_init
ps7_post_config
targets -set -nocase -filter {name =~ "ARM*#0" && jtag_cable_name =~ "Digilent JTAG-SMT1 210203367371A"} -index 0
rst -processor
targets -set -nocase -filter {name =~ "ARM*#0" && jtag_cable_name =~ "Digilent JTAG-SMT1 210203367371A"} -index 0
dow C:/Users/DMH/Desktop/FPGA/V3_second_study/p2_Interrupt/interrupt/interrupt.sdk/GPIO/Debug/GPIO.elf
configparams force-mem-access 0
----------------End of Script----------------

14:52:02 INFO  : Memory regions updated for context APU
14:52:02 INFO  : Context for processor 'ps7_cortexa9_0' is selected.
14:52:02 INFO  : 'con' command is executed.
14:52:02 INFO  : ----------------XSDB Script (After Launch)----------------
targets -set -nocase -filter {name =~ "ARM*#0" && jtag_cable_name =~ "Digilent JTAG-SMT1 210203367371A"} -index 0
con
----------------End of Script----------------

14:52:02 INFO  : Launch script is exported to file 'C:\Users\DMH\Desktop\FPGA\V3_second_study\p2_Interrupt\interrupt\interrupt.sdk\.sdk\launch_scripts\xilinx_c-c++_application_(system_debugger)\system_debugger_using_debug_gpio.elf_on_local.tcl'
14:54:41 INFO  : Disconnected from the channel tcfchan#7.
14:54:42 INFO  : 'targets -set -filter {jtag_cable_name =~ "Digilent JTAG-SMT1 210203367371A" && level==0} -index 1' command is executed.
14:54:42 INFO  : 'fpga -state' command is executed.
14:54:44 INFO  : Connected to target on host '127.0.0.1' and port '3121'.
14:54:44 INFO  : Jtag cable 'Digilent JTAG-SMT1 210203367371A' is selected.
14:54:44 INFO  : 'jtag frequency' command is executed.
14:54:44 INFO  : Sourcing of 'C:/Users/DMH/Desktop/FPGA/V3_second_study/p2_Interrupt/interrupt/interrupt.sdk/design_1_wrapper_hw_platform_0/ps7_init.tcl' is done.
14:54:44 INFO  : Context for 'APU' is selected.
14:54:46 INFO  : Hardware design information is loaded from 'C:/Users/DMH/Desktop/FPGA/V3_second_study/p2_Interrupt/interrupt/interrupt.sdk/design_1_wrapper_hw_platform_0/system.hdf'.
14:54:46 INFO  : 'configparams force-mem-access 1' command is executed.
14:54:46 INFO  : Context for 'APU' is selected.
14:54:46 INFO  : 'stop' command is executed.
14:54:46 INFO  : 'ps7_init' command is executed.
14:54:46 INFO  : 'ps7_post_config' command is executed.
14:54:46 INFO  : Context for processor 'ps7_cortexa9_0' is selected.
14:54:46 INFO  : Processor reset is completed for 'ps7_cortexa9_0'.
14:54:46 INFO  : Context for processor 'ps7_cortexa9_0' is selected.
14:54:46 INFO  : The application 'C:/Users/DMH/Desktop/FPGA/V3_second_study/p2_Interrupt/interrupt/interrupt.sdk/GPIO/Debug/GPIO.elf' is downloaded to processor 'ps7_cortexa9_0'.
14:54:46 INFO  : 'configparams force-mem-access 0' command is executed.
14:54:46 INFO  : ----------------XSDB Script----------------
connect -url tcp:127.0.0.1:3121
source C:/Users/DMH/Desktop/FPGA/V3_second_study/p2_Interrupt/interrupt/interrupt.sdk/design_1_wrapper_hw_platform_0/ps7_init.tcl
targets -set -nocase -filter {name =~"APU*" && jtag_cable_name =~ "Digilent JTAG-SMT1 210203367371A"} -index 0
loadhw -hw C:/Users/DMH/Desktop/FPGA/V3_second_study/p2_Interrupt/interrupt/interrupt.sdk/design_1_wrapper_hw_platform_0/system.hdf -mem-ranges [list {0x40000000 0xbfffffff}]
configparams force-mem-access 1
targets -set -nocase -filter {name =~"APU*" && jtag_cable_name =~ "Digilent JTAG-SMT1 210203367371A"} -index 0
stop
ps7_init
ps7_post_config
targets -set -nocase -filter {name =~ "ARM*#0" && jtag_cable_name =~ "Digilent JTAG-SMT1 210203367371A"} -index 0
rst -processor
targets -set -nocase -filter {name =~ "ARM*#0" && jtag_cable_name =~ "Digilent JTAG-SMT1 210203367371A"} -index 0
dow C:/Users/DMH/Desktop/FPGA/V3_second_study/p2_Interrupt/interrupt/interrupt.sdk/GPIO/Debug/GPIO.elf
configparams force-mem-access 0
----------------End of Script----------------

14:54:46 INFO  : Memory regions updated for context APU
14:54:46 INFO  : Context for processor 'ps7_cortexa9_0' is selected.
14:54:46 INFO  : 'con' command is executed.
14:54:46 INFO  : ----------------XSDB Script (After Launch)----------------
targets -set -nocase -filter {name =~ "ARM*#0" && jtag_cable_name =~ "Digilent JTAG-SMT1 210203367371A"} -index 0
con
----------------End of Script----------------

14:54:46 INFO  : Launch script is exported to file 'C:\Users\DMH\Desktop\FPGA\V3_second_study\p2_Interrupt\interrupt\interrupt.sdk\.sdk\launch_scripts\xilinx_c-c++_application_(system_debugger)\system_debugger_using_debug_gpio.elf_on_local.tcl'
14:55:34 INFO  : Disconnected from the channel tcfchan#8.
14:55:36 INFO  : 'targets -set -filter {jtag_cable_name =~ "Digilent JTAG-SMT1 210203367371A" && level==0} -index 1' command is executed.
14:55:36 INFO  : 'fpga -state' command is executed.
14:55:44 INFO  : Connected to target on host '127.0.0.1' and port '3121'.
14:55:45 INFO  : Jtag cable 'Digilent JTAG-SMT1 210203367371A' is selected.
14:55:45 INFO  : 'jtag frequency' command is executed.
14:55:45 INFO  : Sourcing of 'C:/Users/DMH/Desktop/FPGA/V3_second_study/p2_Interrupt/interrupt/interrupt.sdk/design_1_wrapper_hw_platform_0/ps7_init.tcl' is done.
14:55:45 INFO  : Context for 'APU' is selected.
14:55:46 INFO  : Hardware design information is loaded from 'C:/Users/DMH/Desktop/FPGA/V3_second_study/p2_Interrupt/interrupt/interrupt.sdk/design_1_wrapper_hw_platform_0/system.hdf'.
14:55:46 INFO  : 'configparams force-mem-access 1' command is executed.
14:55:46 INFO  : Context for 'APU' is selected.
14:55:46 INFO  : 'stop' command is executed.
14:55:46 INFO  : 'ps7_init' command is executed.
14:55:46 INFO  : 'ps7_post_config' command is executed.
14:55:46 INFO  : Context for processor 'ps7_cortexa9_0' is selected.
14:55:46 INFO  : Processor reset is completed for 'ps7_cortexa9_0'.
14:55:46 INFO  : Context for processor 'ps7_cortexa9_0' is selected.
14:55:47 INFO  : The application 'C:/Users/DMH/Desktop/FPGA/V3_second_study/p2_Interrupt/interrupt/interrupt.sdk/GPIO/Debug/GPIO.elf' is downloaded to processor 'ps7_cortexa9_0'.
14:55:47 INFO  : 'configparams force-mem-access 0' command is executed.
14:55:47 INFO  : ----------------XSDB Script----------------
connect -url tcp:127.0.0.1:3121
source C:/Users/DMH/Desktop/FPGA/V3_second_study/p2_Interrupt/interrupt/interrupt.sdk/design_1_wrapper_hw_platform_0/ps7_init.tcl
targets -set -nocase -filter {name =~"APU*" && jtag_cable_name =~ "Digilent JTAG-SMT1 210203367371A"} -index 0
loadhw -hw C:/Users/DMH/Desktop/FPGA/V3_second_study/p2_Interrupt/interrupt/interrupt.sdk/design_1_wrapper_hw_platform_0/system.hdf -mem-ranges [list {0x40000000 0xbfffffff}]
configparams force-mem-access 1
targets -set -nocase -filter {name =~"APU*" && jtag_cable_name =~ "Digilent JTAG-SMT1 210203367371A"} -index 0
stop
ps7_init
ps7_post_config
targets -set -nocase -filter {name =~ "ARM*#0" && jtag_cable_name =~ "Digilent JTAG-SMT1 210203367371A"} -index 0
rst -processor
targets -set -nocase -filter {name =~ "ARM*#0" && jtag_cable_name =~ "Digilent JTAG-SMT1 210203367371A"} -index 0
dow C:/Users/DMH/Desktop/FPGA/V3_second_study/p2_Interrupt/interrupt/interrupt.sdk/GPIO/Debug/GPIO.elf
configparams force-mem-access 0
----------------End of Script----------------

14:55:47 INFO  : Memory regions updated for context APU
14:55:47 INFO  : Context for processor 'ps7_cortexa9_0' is selected.
14:55:47 INFO  : 'con' command is executed.
14:55:47 INFO  : ----------------XSDB Script (After Launch)----------------
targets -set -nocase -filter {name =~ "ARM*#0" && jtag_cable_name =~ "Digilent JTAG-SMT1 210203367371A"} -index 0
con
----------------End of Script----------------

14:55:47 INFO  : Launch script is exported to file 'C:\Users\DMH\Desktop\FPGA\V3_second_study\p2_Interrupt\interrupt\interrupt.sdk\.sdk\launch_scripts\xilinx_c-c++_application_(system_debugger)\system_debugger_using_debug_gpio.elf_on_local.tcl'
14:57:24 INFO  : Disconnected from the channel tcfchan#9.
14:57:25 INFO  : 'targets -set -filter {jtag_cable_name =~ "Digilent JTAG-SMT1 210203367371A" && level==0} -index 1' command is executed.
14:57:25 INFO  : 'fpga -state' command is executed.
14:57:26 INFO  : Connected to target on host '127.0.0.1' and port '3121'.
14:57:26 INFO  : Jtag cable 'Digilent JTAG-SMT1 210203367371A' is selected.
14:57:27 INFO  : 'jtag frequency' command is executed.
14:57:27 INFO  : Sourcing of 'C:/Users/DMH/Desktop/FPGA/V3_second_study/p2_Interrupt/interrupt/interrupt.sdk/design_1_wrapper_hw_platform_0/ps7_init.tcl' is done.
14:57:27 INFO  : Context for 'APU' is selected.
14:57:28 INFO  : Hardware design information is loaded from 'C:/Users/DMH/Desktop/FPGA/V3_second_study/p2_Interrupt/interrupt/interrupt.sdk/design_1_wrapper_hw_platform_0/system.hdf'.
14:57:28 INFO  : 'configparams force-mem-access 1' command is executed.
14:57:28 INFO  : Context for 'APU' is selected.
14:57:28 INFO  : 'stop' command is executed.
14:57:28 INFO  : 'ps7_init' command is executed.
14:57:28 INFO  : 'ps7_post_config' command is executed.
14:57:28 INFO  : Context for processor 'ps7_cortexa9_0' is selected.
14:57:28 INFO  : Processor reset is completed for 'ps7_cortexa9_0'.
14:57:28 INFO  : Context for processor 'ps7_cortexa9_0' is selected.
14:57:29 INFO  : The application 'C:/Users/DMH/Desktop/FPGA/V3_second_study/p2_Interrupt/interrupt/interrupt.sdk/GPIO/Debug/GPIO.elf' is downloaded to processor 'ps7_cortexa9_0'.
14:57:29 INFO  : 'configparams force-mem-access 0' command is executed.
14:57:29 INFO  : ----------------XSDB Script----------------
connect -url tcp:127.0.0.1:3121
source C:/Users/DMH/Desktop/FPGA/V3_second_study/p2_Interrupt/interrupt/interrupt.sdk/design_1_wrapper_hw_platform_0/ps7_init.tcl
targets -set -nocase -filter {name =~"APU*" && jtag_cable_name =~ "Digilent JTAG-SMT1 210203367371A"} -index 0
loadhw -hw C:/Users/DMH/Desktop/FPGA/V3_second_study/p2_Interrupt/interrupt/interrupt.sdk/design_1_wrapper_hw_platform_0/system.hdf -mem-ranges [list {0x40000000 0xbfffffff}]
configparams force-mem-access 1
targets -set -nocase -filter {name =~"APU*" && jtag_cable_name =~ "Digilent JTAG-SMT1 210203367371A"} -index 0
stop
ps7_init
ps7_post_config
targets -set -nocase -filter {name =~ "ARM*#0" && jtag_cable_name =~ "Digilent JTAG-SMT1 210203367371A"} -index 0
rst -processor
targets -set -nocase -filter {name =~ "ARM*#0" && jtag_cable_name =~ "Digilent JTAG-SMT1 210203367371A"} -index 0
dow C:/Users/DMH/Desktop/FPGA/V3_second_study/p2_Interrupt/interrupt/interrupt.sdk/GPIO/Debug/GPIO.elf
configparams force-mem-access 0
----------------End of Script----------------

14:57:29 INFO  : Memory regions updated for context APU
14:57:29 INFO  : Context for processor 'ps7_cortexa9_0' is selected.
14:57:29 INFO  : 'con' command is executed.
14:57:29 INFO  : ----------------XSDB Script (After Launch)----------------
targets -set -nocase -filter {name =~ "ARM*#0" && jtag_cable_name =~ "Digilent JTAG-SMT1 210203367371A"} -index 0
con
----------------End of Script----------------

14:57:29 INFO  : Launch script is exported to file 'C:\Users\DMH\Desktop\FPGA\V3_second_study\p2_Interrupt\interrupt\interrupt.sdk\.sdk\launch_scripts\xilinx_c-c++_application_(system_debugger)\system_debugger_using_debug_gpio.elf_on_local.tcl'
15:02:19 INFO  : Disconnected from the channel tcfchan#10.
15:02:20 INFO  : 'targets -set -filter {jtag_cable_name =~ "Digilent JTAG-SMT1 210203367371A" && level==0} -index 1' command is executed.
15:02:20 INFO  : 'fpga -state' command is executed.
15:02:22 INFO  : Connected to target on host '127.0.0.1' and port '3121'.
15:02:22 INFO  : Jtag cable 'Digilent JTAG-SMT1 210203367371A' is selected.
15:02:22 INFO  : 'jtag frequency' command is executed.
15:02:22 INFO  : Sourcing of 'C:/Users/DMH/Desktop/FPGA/V3_second_study/p2_Interrupt/interrupt/interrupt.sdk/design_1_wrapper_hw_platform_0/ps7_init.tcl' is done.
15:02:22 INFO  : Context for 'APU' is selected.
15:02:24 INFO  : Hardware design information is loaded from 'C:/Users/DMH/Desktop/FPGA/V3_second_study/p2_Interrupt/interrupt/interrupt.sdk/design_1_wrapper_hw_platform_0/system.hdf'.
15:02:24 INFO  : 'configparams force-mem-access 1' command is executed.
15:02:24 INFO  : Context for 'APU' is selected.
15:02:24 INFO  : 'stop' command is executed.
15:02:24 INFO  : 'ps7_init' command is executed.
15:02:24 INFO  : 'ps7_post_config' command is executed.
15:02:24 INFO  : Context for processor 'ps7_cortexa9_0' is selected.
15:02:24 INFO  : Processor reset is completed for 'ps7_cortexa9_0'.
15:02:24 INFO  : Context for processor 'ps7_cortexa9_0' is selected.
15:02:24 INFO  : The application 'C:/Users/DMH/Desktop/FPGA/V3_second_study/p2_Interrupt/interrupt/interrupt.sdk/GPIO/Debug/GPIO.elf' is downloaded to processor 'ps7_cortexa9_0'.
15:02:24 INFO  : 'configparams force-mem-access 0' command is executed.
15:02:24 INFO  : ----------------XSDB Script----------------
connect -url tcp:127.0.0.1:3121
source C:/Users/DMH/Desktop/FPGA/V3_second_study/p2_Interrupt/interrupt/interrupt.sdk/design_1_wrapper_hw_platform_0/ps7_init.tcl
targets -set -nocase -filter {name =~"APU*" && jtag_cable_name =~ "Digilent JTAG-SMT1 210203367371A"} -index 0
loadhw -hw C:/Users/DMH/Desktop/FPGA/V3_second_study/p2_Interrupt/interrupt/interrupt.sdk/design_1_wrapper_hw_platform_0/system.hdf -mem-ranges [list {0x40000000 0xbfffffff}]
configparams force-mem-access 1
targets -set -nocase -filter {name =~"APU*" && jtag_cable_name =~ "Digilent JTAG-SMT1 210203367371A"} -index 0
stop
ps7_init
ps7_post_config
targets -set -nocase -filter {name =~ "ARM*#0" && jtag_cable_name =~ "Digilent JTAG-SMT1 210203367371A"} -index 0
rst -processor
targets -set -nocase -filter {name =~ "ARM*#0" && jtag_cable_name =~ "Digilent JTAG-SMT1 210203367371A"} -index 0
dow C:/Users/DMH/Desktop/FPGA/V3_second_study/p2_Interrupt/interrupt/interrupt.sdk/GPIO/Debug/GPIO.elf
configparams force-mem-access 0
----------------End of Script----------------

15:02:24 INFO  : Memory regions updated for context APU
15:02:24 INFO  : Context for processor 'ps7_cortexa9_0' is selected.
15:02:24 INFO  : 'con' command is executed.
15:02:24 INFO  : ----------------XSDB Script (After Launch)----------------
targets -set -nocase -filter {name =~ "ARM*#0" && jtag_cable_name =~ "Digilent JTAG-SMT1 210203367371A"} -index 0
con
----------------End of Script----------------

15:02:24 INFO  : Launch script is exported to file 'C:\Users\DMH\Desktop\FPGA\V3_second_study\p2_Interrupt\interrupt\interrupt.sdk\.sdk\launch_scripts\xilinx_c-c++_application_(system_debugger)\system_debugger_using_debug_gpio.elf_on_local.tcl'
15:02:34 INFO  : Disconnected from the channel tcfchan#11.
15:02:35 INFO  : 'targets -set -filter {jtag_cable_name =~ "Digilent JTAG-SMT1 210203367371A" && level==0} -index 1' command is executed.
15:02:35 INFO  : 'fpga -state' command is executed.
15:02:37 INFO  : Connected to target on host '127.0.0.1' and port '3121'.
15:02:37 INFO  : Jtag cable 'Digilent JTAG-SMT1 210203367371A' is selected.
15:02:37 INFO  : 'jtag frequency' command is executed.
15:02:37 INFO  : Sourcing of 'C:/Users/DMH/Desktop/FPGA/V3_second_study/p2_Interrupt/interrupt/interrupt.sdk/design_1_wrapper_hw_platform_0/ps7_init.tcl' is done.
15:02:37 INFO  : Context for 'APU' is selected.
15:02:38 INFO  : Hardware design information is loaded from 'C:/Users/DMH/Desktop/FPGA/V3_second_study/p2_Interrupt/interrupt/interrupt.sdk/design_1_wrapper_hw_platform_0/system.hdf'.
15:02:38 INFO  : 'configparams force-mem-access 1' command is executed.
15:02:38 INFO  : Context for 'APU' is selected.
15:02:38 INFO  : 'stop' command is executed.
15:02:39 INFO  : 'ps7_init' command is executed.
15:02:39 INFO  : 'ps7_post_config' command is executed.
15:02:39 INFO  : Context for processor 'ps7_cortexa9_0' is selected.
15:02:39 INFO  : Processor reset is completed for 'ps7_cortexa9_0'.
15:02:39 INFO  : Context for processor 'ps7_cortexa9_0' is selected.
15:02:39 INFO  : The application 'C:/Users/DMH/Desktop/FPGA/V3_second_study/p2_Interrupt/interrupt/interrupt.sdk/GPIO/Debug/GPIO.elf' is downloaded to processor 'ps7_cortexa9_0'.
15:02:39 INFO  : 'configparams force-mem-access 0' command is executed.
15:02:39 INFO  : ----------------XSDB Script----------------
connect -url tcp:127.0.0.1:3121
source C:/Users/DMH/Desktop/FPGA/V3_second_study/p2_Interrupt/interrupt/interrupt.sdk/design_1_wrapper_hw_platform_0/ps7_init.tcl
targets -set -nocase -filter {name =~"APU*" && jtag_cable_name =~ "Digilent JTAG-SMT1 210203367371A"} -index 0
loadhw -hw C:/Users/DMH/Desktop/FPGA/V3_second_study/p2_Interrupt/interrupt/interrupt.sdk/design_1_wrapper_hw_platform_0/system.hdf -mem-ranges [list {0x40000000 0xbfffffff}]
configparams force-mem-access 1
targets -set -nocase -filter {name =~"APU*" && jtag_cable_name =~ "Digilent JTAG-SMT1 210203367371A"} -index 0
stop
ps7_init
ps7_post_config
targets -set -nocase -filter {name =~ "ARM*#0" && jtag_cable_name =~ "Digilent JTAG-SMT1 210203367371A"} -index 0
rst -processor
targets -set -nocase -filter {name =~ "ARM*#0" && jtag_cable_name =~ "Digilent JTAG-SMT1 210203367371A"} -index 0
dow C:/Users/DMH/Desktop/FPGA/V3_second_study/p2_Interrupt/interrupt/interrupt.sdk/GPIO/Debug/GPIO.elf
configparams force-mem-access 0
----------------End of Script----------------

15:02:39 INFO  : Memory regions updated for context APU
15:02:39 INFO  : Context for processor 'ps7_cortexa9_0' is selected.
15:02:39 INFO  : 'con' command is executed.
15:02:39 INFO  : ----------------XSDB Script (After Launch)----------------
targets -set -nocase -filter {name =~ "ARM*#0" && jtag_cable_name =~ "Digilent JTAG-SMT1 210203367371A"} -index 0
con
----------------End of Script----------------

15:02:39 INFO  : Launch script is exported to file 'C:\Users\DMH\Desktop\FPGA\V3_second_study\p2_Interrupt\interrupt\interrupt.sdk\.sdk\launch_scripts\xilinx_c-c++_application_(system_debugger)\system_debugger_using_debug_gpio.elf_on_local.tcl'
15:03:53 INFO  : Disconnected from the channel tcfchan#12.
15:03:54 INFO  : 'targets -set -filter {jtag_cable_name =~ "Digilent JTAG-SMT1 210203367371A" && level==0} -index 1' command is executed.
15:03:54 INFO  : 'fpga -state' command is executed.
15:03:55 INFO  : Connected to target on host '127.0.0.1' and port '3121'.
15:03:55 INFO  : Jtag cable 'Digilent JTAG-SMT1 210203367371A' is selected.
15:03:55 INFO  : 'jtag frequency' command is executed.
15:03:55 INFO  : Sourcing of 'C:/Users/DMH/Desktop/FPGA/V3_second_study/p2_Interrupt/interrupt/interrupt.sdk/design_1_wrapper_hw_platform_0/ps7_init.tcl' is done.
15:03:55 INFO  : Context for 'APU' is selected.
15:03:56 INFO  : Hardware design information is loaded from 'C:/Users/DMH/Desktop/FPGA/V3_second_study/p2_Interrupt/interrupt/interrupt.sdk/design_1_wrapper_hw_platform_0/system.hdf'.
15:03:56 INFO  : 'configparams force-mem-access 1' command is executed.
15:03:56 INFO  : Context for 'APU' is selected.
15:03:56 INFO  : 'stop' command is executed.
15:03:57 INFO  : 'ps7_init' command is executed.
15:03:57 INFO  : 'ps7_post_config' command is executed.
15:03:57 INFO  : Context for processor 'ps7_cortexa9_0' is selected.
15:03:57 INFO  : Processor reset is completed for 'ps7_cortexa9_0'.
15:03:57 INFO  : Context for processor 'ps7_cortexa9_0' is selected.
15:03:57 INFO  : The application 'C:/Users/DMH/Desktop/FPGA/V3_second_study/p2_Interrupt/interrupt/interrupt.sdk/GPIO/Debug/GPIO.elf' is downloaded to processor 'ps7_cortexa9_0'.
15:03:57 INFO  : 'configparams force-mem-access 0' command is executed.
15:03:57 INFO  : ----------------XSDB Script----------------
connect -url tcp:127.0.0.1:3121
source C:/Users/DMH/Desktop/FPGA/V3_second_study/p2_Interrupt/interrupt/interrupt.sdk/design_1_wrapper_hw_platform_0/ps7_init.tcl
targets -set -nocase -filter {name =~"APU*" && jtag_cable_name =~ "Digilent JTAG-SMT1 210203367371A"} -index 0
loadhw -hw C:/Users/DMH/Desktop/FPGA/V3_second_study/p2_Interrupt/interrupt/interrupt.sdk/design_1_wrapper_hw_platform_0/system.hdf -mem-ranges [list {0x40000000 0xbfffffff}]
configparams force-mem-access 1
targets -set -nocase -filter {name =~"APU*" && jtag_cable_name =~ "Digilent JTAG-SMT1 210203367371A"} -index 0
stop
ps7_init
ps7_post_config
targets -set -nocase -filter {name =~ "ARM*#0" && jtag_cable_name =~ "Digilent JTAG-SMT1 210203367371A"} -index 0
rst -processor
targets -set -nocase -filter {name =~ "ARM*#0" && jtag_cable_name =~ "Digilent JTAG-SMT1 210203367371A"} -index 0
dow C:/Users/DMH/Desktop/FPGA/V3_second_study/p2_Interrupt/interrupt/interrupt.sdk/GPIO/Debug/GPIO.elf
configparams force-mem-access 0
----------------End of Script----------------

15:03:57 INFO  : Memory regions updated for context APU
15:03:57 INFO  : Context for processor 'ps7_cortexa9_0' is selected.
15:03:57 INFO  : 'con' command is executed.
15:03:57 INFO  : ----------------XSDB Script (After Launch)----------------
targets -set -nocase -filter {name =~ "ARM*#0" && jtag_cable_name =~ "Digilent JTAG-SMT1 210203367371A"} -index 0
con
----------------End of Script----------------

15:03:57 INFO  : Launch script is exported to file 'C:\Users\DMH\Desktop\FPGA\V3_second_study\p2_Interrupt\interrupt\interrupt.sdk\.sdk\launch_scripts\xilinx_c-c++_application_(system_debugger)\system_debugger_using_debug_gpio.elf_on_local.tcl'
15:06:15 INFO  : Disconnected from the channel tcfchan#13.
15:06:16 INFO  : 'targets -set -filter {jtag_cable_name =~ "Digilent JTAG-SMT1 210203367371A" && level==0} -index 1' command is executed.
15:06:16 INFO  : 'fpga -state' command is executed.
15:06:22 INFO  : Connected to target on host '127.0.0.1' and port '3121'.
15:06:22 INFO  : Jtag cable 'Digilent JTAG-SMT1 210203367371A' is selected.
15:06:22 INFO  : 'jtag frequency' command is executed.
15:06:22 INFO  : Sourcing of 'C:/Users/DMH/Desktop/FPGA/V3_second_study/p2_Interrupt/interrupt/interrupt.sdk/design_1_wrapper_hw_platform_0/ps7_init.tcl' is done.
15:06:22 INFO  : Context for 'APU' is selected.
15:06:24 INFO  : Hardware design information is loaded from 'C:/Users/DMH/Desktop/FPGA/V3_second_study/p2_Interrupt/interrupt/interrupt.sdk/design_1_wrapper_hw_platform_0/system.hdf'.
15:06:24 INFO  : 'configparams force-mem-access 1' command is executed.
15:06:24 INFO  : Context for 'APU' is selected.
15:06:24 INFO  : 'stop' command is executed.
15:06:24 INFO  : 'ps7_init' command is executed.
15:06:24 INFO  : 'ps7_post_config' command is executed.
15:06:24 INFO  : Context for processor 'ps7_cortexa9_0' is selected.
15:06:24 INFO  : Processor reset is completed for 'ps7_cortexa9_0'.
15:06:24 INFO  : Context for processor 'ps7_cortexa9_0' is selected.
15:06:24 INFO  : The application 'C:/Users/DMH/Desktop/FPGA/V3_second_study/p2_Interrupt/interrupt/interrupt.sdk/GPIO/Debug/GPIO.elf' is downloaded to processor 'ps7_cortexa9_0'.
15:06:24 INFO  : 'configparams force-mem-access 0' command is executed.
15:06:24 INFO  : ----------------XSDB Script----------------
connect -url tcp:127.0.0.1:3121
source C:/Users/DMH/Desktop/FPGA/V3_second_study/p2_Interrupt/interrupt/interrupt.sdk/design_1_wrapper_hw_platform_0/ps7_init.tcl
targets -set -nocase -filter {name =~"APU*" && jtag_cable_name =~ "Digilent JTAG-SMT1 210203367371A"} -index 0
loadhw -hw C:/Users/DMH/Desktop/FPGA/V3_second_study/p2_Interrupt/interrupt/interrupt.sdk/design_1_wrapper_hw_platform_0/system.hdf -mem-ranges [list {0x40000000 0xbfffffff}]
configparams force-mem-access 1
targets -set -nocase -filter {name =~"APU*" && jtag_cable_name =~ "Digilent JTAG-SMT1 210203367371A"} -index 0
stop
ps7_init
ps7_post_config
targets -set -nocase -filter {name =~ "ARM*#0" && jtag_cable_name =~ "Digilent JTAG-SMT1 210203367371A"} -index 0
rst -processor
targets -set -nocase -filter {name =~ "ARM*#0" && jtag_cable_name =~ "Digilent JTAG-SMT1 210203367371A"} -index 0
dow C:/Users/DMH/Desktop/FPGA/V3_second_study/p2_Interrupt/interrupt/interrupt.sdk/GPIO/Debug/GPIO.elf
configparams force-mem-access 0
----------------End of Script----------------

15:06:24 INFO  : Memory regions updated for context APU
15:06:25 INFO  : Context for processor 'ps7_cortexa9_0' is selected.
15:06:25 INFO  : 'con' command is executed.
15:06:25 INFO  : ----------------XSDB Script (After Launch)----------------
targets -set -nocase -filter {name =~ "ARM*#0" && jtag_cable_name =~ "Digilent JTAG-SMT1 210203367371A"} -index 0
con
----------------End of Script----------------

15:06:25 INFO  : Launch script is exported to file 'C:\Users\DMH\Desktop\FPGA\V3_second_study\p2_Interrupt\interrupt\interrupt.sdk\.sdk\launch_scripts\xilinx_c-c++_application_(system_debugger)\system_debugger_using_debug_gpio.elf_on_local.tcl'
15:07:06 INFO  : Disconnected from the channel tcfchan#14.
15:07:07 INFO  : 'targets -set -filter {jtag_cable_name =~ "Digilent JTAG-SMT1 210203367371A" && level==0} -index 1' command is executed.
15:07:07 INFO  : 'fpga -state' command is executed.
15:07:50 INFO  : Memory regions updated for context APU
15:08:16 INFO  : Connected to target on host '127.0.0.1' and port '3121'.
15:08:16 INFO  : Jtag cable 'Digilent JTAG-SMT1 210203367371A' is selected.
15:08:16 INFO  : 'jtag frequency' command is executed.
15:08:16 INFO  : Sourcing of 'C:/Users/DMH/Desktop/FPGA/V3_second_study/p2_Interrupt/interrupt/interrupt.sdk/design_1_wrapper_hw_platform_0/ps7_init.tcl' is done.
15:08:16 INFO  : 'targets -set -filter {jtag_cable_name =~ "Digilent JTAG-SMT1 210203367371A" && level==0} -index 1' command is executed.
15:08:18 INFO  : FPGA configured successfully with bitstream "C:/Users/DMH/Desktop/FPGA/V3_second_study/p2_Interrupt/interrupt/interrupt.sdk/design_1_wrapper_hw_platform_0/design_1_wrapper.bit"
15:08:19 INFO  : Context for 'APU' is selected.
15:08:20 INFO  : Hardware design information is loaded from 'C:/Users/DMH/Desktop/FPGA/V3_second_study/p2_Interrupt/interrupt/interrupt.sdk/design_1_wrapper_hw_platform_0/system.hdf'.
15:08:20 INFO  : 'configparams force-mem-access 1' command is executed.
15:08:20 INFO  : Context for 'APU' is selected.
15:08:20 INFO  : 'stop' command is executed.
15:08:20 INFO  : 'ps7_init' command is executed.
15:08:20 INFO  : 'ps7_post_config' command is executed.
15:08:20 INFO  : Context for processor 'ps7_cortexa9_0' is selected.
15:08:21 INFO  : Processor reset is completed for 'ps7_cortexa9_0'.
15:08:21 INFO  : Context for processor 'ps7_cortexa9_0' is selected.
15:08:21 INFO  : The application 'C:/Users/DMH/Desktop/FPGA/V3_second_study/p2_Interrupt/interrupt/interrupt.sdk/GPIO/Debug/GPIO.elf' is downloaded to processor 'ps7_cortexa9_0'.
15:08:21 INFO  : 'configparams force-mem-access 0' command is executed.
15:08:21 INFO  : ----------------XSDB Script----------------
connect -url tcp:127.0.0.1:3121
source C:/Users/DMH/Desktop/FPGA/V3_second_study/p2_Interrupt/interrupt/interrupt.sdk/design_1_wrapper_hw_platform_0/ps7_init.tcl
targets -set -filter {jtag_cable_name =~ "Digilent JTAG-SMT1 210203367371A" && level==0} -index 1
fpga -file C:/Users/DMH/Desktop/FPGA/V3_second_study/p2_Interrupt/interrupt/interrupt.sdk/design_1_wrapper_hw_platform_0/design_1_wrapper.bit
targets -set -nocase -filter {name =~"APU*" && jtag_cable_name =~ "Digilent JTAG-SMT1 210203367371A"} -index 0
loadhw -hw C:/Users/DMH/Desktop/FPGA/V3_second_study/p2_Interrupt/interrupt/interrupt.sdk/design_1_wrapper_hw_platform_0/system.hdf -mem-ranges [list {0x40000000 0xbfffffff}]
configparams force-mem-access 1
targets -set -nocase -filter {name =~"APU*" && jtag_cable_name =~ "Digilent JTAG-SMT1 210203367371A"} -index 0
stop
ps7_init
ps7_post_config
targets -set -nocase -filter {name =~ "ARM*#0" && jtag_cable_name =~ "Digilent JTAG-SMT1 210203367371A"} -index 0
rst -processor
targets -set -nocase -filter {name =~ "ARM*#0" && jtag_cable_name =~ "Digilent JTAG-SMT1 210203367371A"} -index 0
dow C:/Users/DMH/Desktop/FPGA/V3_second_study/p2_Interrupt/interrupt/interrupt.sdk/GPIO/Debug/GPIO.elf
configparams force-mem-access 0
----------------End of Script----------------

15:08:21 INFO  : Memory regions updated for context APU
15:08:21 INFO  : Context for processor 'ps7_cortexa9_0' is selected.
15:08:21 INFO  : 'con' command is executed.
15:08:21 INFO  : ----------------XSDB Script (After Launch)----------------
targets -set -nocase -filter {name =~ "ARM*#0" && jtag_cable_name =~ "Digilent JTAG-SMT1 210203367371A"} -index 0
con
----------------End of Script----------------

15:08:21 INFO  : Launch script is exported to file 'C:\Users\DMH\Desktop\FPGA\V3_second_study\p2_Interrupt\interrupt\interrupt.sdk\.sdk\launch_scripts\xilinx_c-c++_application_(system_debugger)\system_debugger_using_debug_gpio.elf_on_local.tcl'
15:09:05 INFO  : Connected to target on host '127.0.0.1' and port '3121'.
15:09:05 INFO  : 'targets -set -filter {jtag_cable_name =~ "Digilent JTAG-SMT1 210203367371A" && level==0} -index 1' command is executed.
15:09:08 INFO  : FPGA configured successfully with bitstream "C:/Users/DMH/Desktop/FPGA/V3_second_study/p2_Interrupt/interrupt/interrupt.sdk/design_1_wrapper_hw_platform_0/design_1_wrapper.bit"
15:09:11 INFO  : Disconnected from the channel tcfchan#15.
15:09:12 INFO  : Connected to target on host '127.0.0.1' and port '3121'.
15:09:13 INFO  : Jtag cable 'Digilent JTAG-SMT1 210203367371A' is selected.
15:09:13 INFO  : 'jtag frequency' command is executed.
15:09:13 INFO  : Sourcing of 'C:/Users/DMH/Desktop/FPGA/V3_second_study/p2_Interrupt/interrupt/interrupt.sdk/design_1_wrapper_hw_platform_0/ps7_init.tcl' is done.
15:09:13 INFO  : 'targets -set -filter {jtag_cable_name =~ "Digilent JTAG-SMT1 210203367371A" && level==0} -index 1' command is executed.
15:09:15 INFO  : FPGA configured successfully with bitstream "C:/Users/DMH/Desktop/FPGA/V3_second_study/p2_Interrupt/interrupt/interrupt.sdk/design_1_wrapper_hw_platform_0/design_1_wrapper.bit"
15:09:15 INFO  : Context for 'APU' is selected.
15:09:17 INFO  : Hardware design information is loaded from 'C:/Users/DMH/Desktop/FPGA/V3_second_study/p2_Interrupt/interrupt/interrupt.sdk/design_1_wrapper_hw_platform_0/system.hdf'.
15:09:17 INFO  : 'configparams force-mem-access 1' command is executed.
15:09:17 INFO  : Context for 'APU' is selected.
15:09:17 INFO  : 'stop' command is executed.
15:09:17 INFO  : 'ps7_init' command is executed.
15:09:17 INFO  : 'ps7_post_config' command is executed.
15:09:17 INFO  : Context for processor 'ps7_cortexa9_0' is selected.
15:09:17 INFO  : Processor reset is completed for 'ps7_cortexa9_0'.
15:09:17 INFO  : Context for processor 'ps7_cortexa9_0' is selected.
15:09:17 INFO  : The application 'C:/Users/DMH/Desktop/FPGA/V3_second_study/p2_Interrupt/interrupt/interrupt.sdk/GPIO/Debug/GPIO.elf' is downloaded to processor 'ps7_cortexa9_0'.
15:09:17 INFO  : 'configparams force-mem-access 0' command is executed.
15:09:17 INFO  : ----------------XSDB Script----------------
connect -url tcp:127.0.0.1:3121
source C:/Users/DMH/Desktop/FPGA/V3_second_study/p2_Interrupt/interrupt/interrupt.sdk/design_1_wrapper_hw_platform_0/ps7_init.tcl
targets -set -filter {jtag_cable_name =~ "Digilent JTAG-SMT1 210203367371A" && level==0} -index 1
fpga -file C:/Users/DMH/Desktop/FPGA/V3_second_study/p2_Interrupt/interrupt/interrupt.sdk/design_1_wrapper_hw_platform_0/design_1_wrapper.bit
targets -set -nocase -filter {name =~"APU*" && jtag_cable_name =~ "Digilent JTAG-SMT1 210203367371A"} -index 0
loadhw -hw C:/Users/DMH/Desktop/FPGA/V3_second_study/p2_Interrupt/interrupt/interrupt.sdk/design_1_wrapper_hw_platform_0/system.hdf -mem-ranges [list {0x40000000 0xbfffffff}]
configparams force-mem-access 1
targets -set -nocase -filter {name =~"APU*" && jtag_cable_name =~ "Digilent JTAG-SMT1 210203367371A"} -index 0
stop
ps7_init
ps7_post_config
targets -set -nocase -filter {name =~ "ARM*#0" && jtag_cable_name =~ "Digilent JTAG-SMT1 210203367371A"} -index 0
rst -processor
targets -set -nocase -filter {name =~ "ARM*#0" && jtag_cable_name =~ "Digilent JTAG-SMT1 210203367371A"} -index 0
dow C:/Users/DMH/Desktop/FPGA/V3_second_study/p2_Interrupt/interrupt/interrupt.sdk/GPIO/Debug/GPIO.elf
configparams force-mem-access 0
----------------End of Script----------------

15:09:17 INFO  : Memory regions updated for context APU
15:09:17 INFO  : Context for processor 'ps7_cortexa9_0' is selected.
15:09:17 INFO  : 'con' command is executed.
15:09:17 INFO  : ----------------XSDB Script (After Launch)----------------
targets -set -nocase -filter {name =~ "ARM*#0" && jtag_cable_name =~ "Digilent JTAG-SMT1 210203367371A"} -index 0
con
----------------End of Script----------------

15:09:17 INFO  : Launch script is exported to file 'C:\Users\DMH\Desktop\FPGA\V3_second_study\p2_Interrupt\interrupt\interrupt.sdk\.sdk\launch_scripts\xilinx_c-c++_application_(system_debugger)\system_debugger_using_debug_gpio.elf_on_local.tcl'
15:10:04 INFO  : Disconnected from the channel tcfchan#16.
15:10:05 INFO  : Connected to target on host '127.0.0.1' and port '3121'.
15:10:06 INFO  : Jtag cable 'Digilent JTAG-SMT1 210203367371A' is selected.
15:10:06 INFO  : 'jtag frequency' command is executed.
15:10:06 INFO  : Sourcing of 'C:/Users/DMH/Desktop/FPGA/V3_second_study/p2_Interrupt/interrupt/interrupt.sdk/design_1_wrapper_hw_platform_0/ps7_init.tcl' is done.
15:10:06 INFO  : 'targets -set -filter {jtag_cable_name =~ "Digilent JTAG-SMT1 210203367371A" && level==0} -index 1' command is executed.
15:10:08 INFO  : FPGA configured successfully with bitstream "C:/Users/DMH/Desktop/FPGA/V3_second_study/p2_Interrupt/interrupt/interrupt.sdk/design_1_wrapper_hw_platform_0/design_1_wrapper.bit"
15:10:08 INFO  : Context for 'APU' is selected.
15:10:10 INFO  : Hardware design information is loaded from 'C:/Users/DMH/Desktop/FPGA/V3_second_study/p2_Interrupt/interrupt/interrupt.sdk/design_1_wrapper_hw_platform_0/system.hdf'.
15:10:10 INFO  : 'configparams force-mem-access 1' command is executed.
15:10:10 INFO  : Context for 'APU' is selected.
15:10:10 INFO  : 'stop' command is executed.
15:10:10 INFO  : 'ps7_init' command is executed.
15:10:10 INFO  : 'ps7_post_config' command is executed.
15:10:10 INFO  : Context for processor 'ps7_cortexa9_0' is selected.
15:10:10 INFO  : Processor reset is completed for 'ps7_cortexa9_0'.
15:10:10 INFO  : Context for processor 'ps7_cortexa9_0' is selected.
15:10:10 INFO  : The application 'C:/Users/DMH/Desktop/FPGA/V3_second_study/p2_Interrupt/interrupt/interrupt.sdk/GPIO/Debug/GPIO.elf' is downloaded to processor 'ps7_cortexa9_0'.
15:10:10 INFO  : 'configparams force-mem-access 0' command is executed.
15:10:10 INFO  : ----------------XSDB Script----------------
connect -url tcp:127.0.0.1:3121
source C:/Users/DMH/Desktop/FPGA/V3_second_study/p2_Interrupt/interrupt/interrupt.sdk/design_1_wrapper_hw_platform_0/ps7_init.tcl
targets -set -filter {jtag_cable_name =~ "Digilent JTAG-SMT1 210203367371A" && level==0} -index 1
fpga -file C:/Users/DMH/Desktop/FPGA/V3_second_study/p2_Interrupt/interrupt/interrupt.sdk/design_1_wrapper_hw_platform_0/design_1_wrapper.bit
targets -set -nocase -filter {name =~"APU*" && jtag_cable_name =~ "Digilent JTAG-SMT1 210203367371A"} -index 0
loadhw -hw C:/Users/DMH/Desktop/FPGA/V3_second_study/p2_Interrupt/interrupt/interrupt.sdk/design_1_wrapper_hw_platform_0/system.hdf -mem-ranges [list {0x40000000 0xbfffffff}]
configparams force-mem-access 1
targets -set -nocase -filter {name =~"APU*" && jtag_cable_name =~ "Digilent JTAG-SMT1 210203367371A"} -index 0
stop
ps7_init
ps7_post_config
targets -set -nocase -filter {name =~ "ARM*#0" && jtag_cable_name =~ "Digilent JTAG-SMT1 210203367371A"} -index 0
rst -processor
targets -set -nocase -filter {name =~ "ARM*#0" && jtag_cable_name =~ "Digilent JTAG-SMT1 210203367371A"} -index 0
dow C:/Users/DMH/Desktop/FPGA/V3_second_study/p2_Interrupt/interrupt/interrupt.sdk/GPIO/Debug/GPIO.elf
configparams force-mem-access 0
----------------End of Script----------------

15:10:10 INFO  : Memory regions updated for context APU
15:10:10 INFO  : Context for processor 'ps7_cortexa9_0' is selected.
15:10:10 INFO  : 'con' command is executed.
15:10:10 INFO  : ----------------XSDB Script (After Launch)----------------
targets -set -nocase -filter {name =~ "ARM*#0" && jtag_cable_name =~ "Digilent JTAG-SMT1 210203367371A"} -index 0
con
----------------End of Script----------------

15:10:10 INFO  : Launch script is exported to file 'C:\Users\DMH\Desktop\FPGA\V3_second_study\p2_Interrupt\interrupt\interrupt.sdk\.sdk\launch_scripts\xilinx_c-c++_application_(system_debugger)\system_debugger_using_debug_gpio.elf_on_local.tcl'
15:35:15 INFO  : Disconnected from the channel tcfchan#17.
15:35:16 INFO  : Connected to target on host '127.0.0.1' and port '3121'.
15:35:16 INFO  : Jtag cable 'Digilent JTAG-SMT1 210203367371A' is selected.
15:35:16 INFO  : 'jtag frequency' command is executed.
15:35:16 INFO  : Sourcing of 'C:/Users/DMH/Desktop/FPGA/V3_second_study/p2_Interrupt/interrupt/interrupt.sdk/design_1_wrapper_hw_platform_0/ps7_init.tcl' is done.
15:35:17 INFO  : 'targets -set -filter {jtag_cable_name =~ "Digilent JTAG-SMT1 210203367371A" && level==0} -index 1' command is executed.
15:35:19 INFO  : FPGA configured successfully with bitstream "C:/Users/DMH/Desktop/FPGA/V3_second_study/p2_Interrupt/interrupt/interrupt.sdk/design_1_wrapper_hw_platform_0/design_1_wrapper.bit"
15:35:19 INFO  : Context for 'APU' is selected.
15:35:21 INFO  : Hardware design information is loaded from 'C:/Users/DMH/Desktop/FPGA/V3_second_study/p2_Interrupt/interrupt/interrupt.sdk/design_1_wrapper_hw_platform_0/system.hdf'.
15:35:21 INFO  : 'configparams force-mem-access 1' command is executed.
15:35:21 INFO  : Context for 'APU' is selected.
15:35:21 INFO  : 'stop' command is executed.
15:35:21 ERROR : Memory read error at 0xF8007080. AHB AP transaction error, DAP status f0000021
15:35:21 INFO  : ----------------XSDB Script----------------
connect -url tcp:127.0.0.1:3121
source C:/Users/DMH/Desktop/FPGA/V3_second_study/p2_Interrupt/interrupt/interrupt.sdk/design_1_wrapper_hw_platform_0/ps7_init.tcl
targets -set -filter {jtag_cable_name =~ "Digilent JTAG-SMT1 210203367371A" && level==0} -index 1
fpga -file C:/Users/DMH/Desktop/FPGA/V3_second_study/p2_Interrupt/interrupt/interrupt.sdk/design_1_wrapper_hw_platform_0/design_1_wrapper.bit
targets -set -nocase -filter {name =~"APU*" && jtag_cable_name =~ "Digilent JTAG-SMT1 210203367371A"} -index 0
loadhw -hw C:/Users/DMH/Desktop/FPGA/V3_second_study/p2_Interrupt/interrupt/interrupt.sdk/design_1_wrapper_hw_platform_0/system.hdf -mem-ranges [list {0x40000000 0xbfffffff}]
configparams force-mem-access 1
targets -set -nocase -filter {name =~"APU*" && jtag_cable_name =~ "Digilent JTAG-SMT1 210203367371A"} -index 0
stop
ps7_init
----------------End of Script----------------

